[2019/10/02 12:47:12.983] - Starting server (version 2.1.1) with initial configuration: {"gasLimit":8000000,"gasPrice":20000000000,"hardfork":"petersburg","db_path":"/home/balajipachai/.config/Ganache/workspaces/damp-show/chaindata","default_balance_ether":100,"hostname":"127.0.0.1","locked":false,"network_id":5777,"port":7545,"total_accounts":25,"unlocked_accounts":[],"verbose":true,"vmErrorsOnRPCResponse":true,"logDirectory":"/home/balajipachai/Desktop/learning/smart-contract-for-fun/truffle/logs"}
[2019/10/02 12:47:13.299] - eth_getCode
[2019/10/02 12:47:13.299] -    > {
   >   "jsonrpc": "2.0",
   >   "id": 22,
   >   "method": "eth_getCode",
   >   "params": [
   >     "0xf80c14044ee64efdc26319add4a7f8203c1b6a8a",
   >     "latest"
   >   ]
   > }
[2019/10/02 12:47:13.299] - eth_subscribe
[2019/10/02 12:47:13.300] -    > {
   >   "jsonrpc": "2.0",
   >   "id": 19,
   >   "method": "eth_subscribe",
   >   "params": [
   >     "newHeads"
   >   ]
   > }
[2019/10/02 12:47:13.300] - eth_getLogs
[2019/10/02 12:47:13.300] -    > {
   >   "jsonrpc": "2.0",
   >   "id": 20,
   >   "method": "eth_getLogs",
   >   "params": [
   >     {
   >       "topics": []
   >     }
   >   ]
   > }
[2019/10/02 12:47:13.301] - eth_subscribe
[2019/10/02 12:47:13.301] -    > {
   >   "jsonrpc": "2.0",
   >   "id": 21,
   >   "method": "eth_subscribe",
   >   "params": [
   >     "logs",
   >     {
   >       "topics": []
   >     }
   >   ]
   > }
[2019/10/02 12:47:13.302] -  <   {
 <     "id": 22,
 <     "jsonrpc": "2.0",
 <     "result": "0x"
 <   }
[2019/10/02 12:47:13.303] -  <   {
 <     "id": 19,
 <     "jsonrpc": "2.0",
 <     "result": "0x1"
 <   }
[2019/10/02 12:47:13.306] -  <   {
 <     "id": 20,
 <     "jsonrpc": "2.0",
 <     "result": []
 <   }
[2019/10/02 12:47:13.307] - eth_getCode
[2019/10/02 12:47:13.307] -    > {
   >   "jsonrpc": "2.0",
   >   "id": 23,
   >   "method": "eth_getCode",
   >   "params": [
   >     "0xcc07ffe0bc6f10c2a046ef99b99085c3cb1327a9",
   >     "latest"
   >   ]
   > }
[2019/10/02 12:47:13.307] -  <   {
 <     "id": 21,
 <     "jsonrpc": "2.0",
 <     "result": "0x2"
 <   }
[2019/10/02 12:47:13.310] -  <   {
 <     "id": 23,
 <     "jsonrpc": "2.0",
 <     "result": "0x"
 <   }
[2019/10/02 12:47:13.312] - eth_getCode
[2019/10/02 12:47:13.312] -    > {
   >   "jsonrpc": "2.0",
   >   "id": 24,
   >   "method": "eth_getCode",
   >   "params": [
   >     "0x9133e8adf4c31f1ede442c90459957510ed06969",
   >     "latest"
   >   ]
   > }
[2019/10/02 12:47:13.317] -  <   {
 <     "id": 24,
 <     "jsonrpc": "2.0",
 <     "result": "0x"
 <   }
[2019/10/02 12:47:13.320] - eth_getCode
[2019/10/02 12:47:13.321] -    > {
   >   "jsonrpc": "2.0",
   >   "id": 25,
   >   "method": "eth_getCode",
   >   "params": [
   >     "0xbd603d7afdf038d43cc10ff88af0906ae385e145",
   >     "latest"
   >   ]
   > }
[2019/10/02 12:47:13.322] -  <   {
 <     "id": 25,
 <     "jsonrpc": "2.0",
 <     "result": "0x"
 <   }
[2019/10/02 12:47:13.326] - eth_getCode
[2019/10/02 12:47:13.327] -    > {
   >   "jsonrpc": "2.0",
   >   "id": 26,
   >   "method": "eth_getCode",
   >   "params": [
   >     "0xa555c622cf31fce0d35e0333a64ae171a8457920",
   >     "latest"
   >   ]
   > }
[2019/10/02 12:47:13.331] -  <   {
 <     "id": 26,
 <     "jsonrpc": "2.0",
 <     "result": "0x"
 <   }
[2019/10/02 12:47:13.334] - eth_getCode
[2019/10/02 12:47:13.334] -    > {
   >   "jsonrpc": "2.0",
   >   "id": 27,
   >   "method": "eth_getCode",
   >   "params": [
   >     "0xe83a3d8ff2759833bd9c7fe12ef56b07b772b6bd",
   >     "latest"
   >   ]
   > }
[2019/10/02 12:47:13.337] -  <   {
 <     "id": 27,
 <     "jsonrpc": "2.0",
 <     "result": "0x"
 <   }
[2019/10/02 12:47:13.338] - eth_getCode
[2019/10/02 12:47:13.338] -    > {
   >   "jsonrpc": "2.0",
   >   "id": 28,
   >   "method": "eth_getCode",
   >   "params": [
   >     "0xeee119cef0eebcc50620ec10334848878b5787ad",
   >     "latest"
   >   ]
   > }
[2019/10/02 12:47:13.340] -  <   {
 <     "id": 28,
 <     "jsonrpc": "2.0",
 <     "result": "0x"
 <   }
[2019/10/02 12:47:13.342] - eth_getCode
[2019/10/02 12:47:13.343] -    > {
   >   "jsonrpc": "2.0",
   >   "id": 29,
   >   "method": "eth_getCode",
   >   "params": [
   >     "0xbb049f19aef5189e539953f21d5fdacfb3156175",
   >     "latest"
   >   ]
   > }
[2019/10/02 12:47:13.344] -  <   {
 <     "id": 29,
 <     "jsonrpc": "2.0",
 <     "result": "0x"
 <   }
[2019/10/02 12:47:13.646] - eth_blockNumber
[2019/10/02 12:47:13.646] -    > {
   >   "jsonrpc": "2.0",
   >   "id": 153,
   >   "method": "eth_blockNumber",
   >   "params": [],
   >   "internal": true
   > }
[2019/10/02 12:47:13.647] - eth_accounts
[2019/10/02 12:47:13.647] -    > {
   >   "jsonrpc": "2.0",
   >   "id": 154,
   >   "method": "eth_accounts",
   >   "params": [],
   >   "internal": true
   > }
[2019/10/02 12:47:13.647] - eth_gasPrice
[2019/10/02 12:47:13.647] -    > {
   >   "jsonrpc": "2.0",
   >   "id": 155,
   >   "method": "eth_gasPrice",
   >   "params": [],
   >   "internal": true
   > }
[2019/10/02 12:47:13.647] -  <   {
 <     "id": 153,
 <     "jsonrpc": "2.0",
 <     "result": "0x0"
 <   }
[2019/10/02 12:47:13.648] - eth_getBlockByNumber
[2019/10/02 12:47:13.648] -    > {
   >   "jsonrpc": "2.0",
   >   "id": 156,
   >   "method": "eth_getBlockByNumber",
   >   "params": [
   >     "latest",
   >     false
   >   ],
   >   "internal": true
   > }
[2019/10/02 12:47:13.648] - eth_subscribe
[2019/10/02 12:47:13.648] -    > {
   >   "jsonrpc": "2.0",
   >   "id": 157,
   >   "method": "eth_subscribe",
   >   "params": [
   >     "newHeads"
   >   ],
   >   "internal": true
   > }
[2019/10/02 12:47:13.649] -  <   {
 <     "id": 154,
 <     "jsonrpc": "2.0",
 <     "result": [
 <       "0x9bd75786b24ceea658c63d1b7c03b855c8a69b61",
 <       "0xd56336105035bd22275ba398c8169f5498565516",
 <       "0x21a867663320f521e721f4800a96506ab6cb3f52",
 <       "0x66c200aa4c11fe82025f834e9ac0e89be4474087",
 <       "0x1b2cba36955aa7f85c54ac80f640a5fbb8bf0396",
 <       "0x7c20a55ddfa8db7607aa4f98c9976476e2ada395",
 <       "0xcee3265155c2a701eb8d4c4baf939777b5fcaca7",
 <       "0xc89f3275b1678efc3b9a5764e174afb74dcee8e2",
 <       "0x0ed48e0d9f9be3822c99d7898d9ba388e5596815",
 <       "0xf4cbecc81a4e7d7f3da583c4cd292a59c6e82e3a",
 <       "0xed5f9780434f22b20fc937833a8f614b4b2c535b",
 <       "0xa2f7546b1bfc4d94291463308f95f49586033573",
 <       "0xd6ac0c8527a22e9a96f38c46c7610aa1b3c18c6d",
 <       "0x20bb65b5faed375bfaf83846f3b87ad980f76362",
 <       "0x0f3f074346144d92354d37bbae97cf56d52de51c",
 <       "0xf7b0480508ec4d29da11edd10987ca4093e0dda4",
 <       "0xcb15ddbf0637c432042a0865520a5f8c2a09a054",
 <       "0x98a5ec87b65b2bca136576d0fa62b1a264d17d4b",
 <       "0xaa1244f318dc5372fc392be02c92ca408c69cda8",
 <       "0x8a6d7a1d041e2738f48fc0e21d4fb00c6d8b3bf0",
 <       "0xd8d91f6f7bcb96d1faf117b00980bd5f79b888e3",
 <       "0xc3e330810a52ba2a13279c30b9a1815be2ab096a",
 <       "0x950e297fb61e2c484dbb31e041a56d4a6aaa57bd",
 <       "0x344317159ed963f5b34d8420db6b4c475e3e07fa",
 <       "0x3187156885958fd74fbdfcfa96478685257feb35"
 <     ]
 <   }
[2019/10/02 12:47:13.651] -  <   {
 <     "id": 155,
 <     "jsonrpc": "2.0",
 <     "result": "0x4a817c800"
 <   }
[2019/10/02 12:47:13.653] -  <   {
 <     "id": 156,
 <     "jsonrpc": "2.0",
 <     "result": {
 <       "number": "0x0",
 <       "hash": "0xcef591744f723bbe32b1c57a5598e446f62caebf4eb7adc58a7dd19c9737d036",
 <       "parentHash": "0x0000000000000000000000000000000000000000000000000000000000000000",
 <       "mixHash": "0x0000000000000000000000000000000000000000000000000000000000000000",
 <       "nonce": "0x0000000000000000",
 <       "sha3Uncles": "0x1dcc4de8dec75d7aab85b567b6ccd41ad312451b948a7413f0a142fd40d49347",
 <       "logsBloom": "0x00000000000000000000000000000000000000000000000000000000000000000000000000000000000000000000000000000000000000000000000000000000000000000000000000000000000000000000000000000000000000000000000000000000000000000000000000000000000000000000000000000000000000000000000000000000000000000000000000000000000000000000000000000000000000000000000000000000000000000000000000000000000000000000000000000000000000000000000000000000000000000000000000000000000000000000000000000000000000000000000000000000000000000000000000000000",
 <       "transactionsRoot": "0x56e81f171bcc55a6ff8345e692c0f86e5b48e01b996cadc001622fb5e363b421",
 <       "stateRoot": "0xa8079b764250428bfd0094104939185fba8e33d06b93b8b2e56a977a7afc8469",
 <       "receiptsRoot": "0x56e81f171bcc55a6ff8345e692c0f86e5b48e01b996cadc001622fb5e363b421",
 <       "miner": "0x0000000000000000000000000000000000000000",
 <       "difficulty": "0x0",
 <       "totalDifficulty": "0x0",
 <       "extraData": "0x",
 <       "size": "0x3e8",
 <       "gasLimit": "0x7a1200",
 <       "gasUsed": "0x0",
 <       "timestamp": "0x5d942b8a",
 <       "transactions": [],
 <       "uncles": []
 <     }
 <   }
[2019/10/02 12:47:13.654] -  <   {
 <     "id": 157,
 <     "jsonrpc": "2.0",
 <     "result": "0x3"
 <   }
[2019/10/02 12:47:13.754] - eth_accounts
[2019/10/02 12:47:13.754] -    > {
   >   "jsonrpc": "2.0",
   >   "id": 158,
   >   "method": "eth_accounts",
   >   "params": [],
   >   "internal": true
   > }
[2019/10/02 12:47:13.755] -  <   {
 <     "id": 158,
 <     "jsonrpc": "2.0",
 <     "result": [
 <       "0x9bd75786b24ceea658c63d1b7c03b855c8a69b61",
 <       "0xd56336105035bd22275ba398c8169f5498565516",
 <       "0x21a867663320f521e721f4800a96506ab6cb3f52",
 <       "0x66c200aa4c11fe82025f834e9ac0e89be4474087",
 <       "0x1b2cba36955aa7f85c54ac80f640a5fbb8bf0396",
 <       "0x7c20a55ddfa8db7607aa4f98c9976476e2ada395",
 <       "0xcee3265155c2a701eb8d4c4baf939777b5fcaca7",
 <       "0xc89f3275b1678efc3b9a5764e174afb74dcee8e2",
 <       "0x0ed48e0d9f9be3822c99d7898d9ba388e5596815",
 <       "0xf4cbecc81a4e7d7f3da583c4cd292a59c6e82e3a",
 <       "0xed5f9780434f22b20fc937833a8f614b4b2c535b",
 <       "0xa2f7546b1bfc4d94291463308f95f49586033573",
 <       "0xd6ac0c8527a22e9a96f38c46c7610aa1b3c18c6d",
 <       "0x20bb65b5faed375bfaf83846f3b87ad980f76362",
 <       "0x0f3f074346144d92354d37bbae97cf56d52de51c",
 <       "0xf7b0480508ec4d29da11edd10987ca4093e0dda4",
 <       "0xcb15ddbf0637c432042a0865520a5f8c2a09a054",
 <       "0x98a5ec87b65b2bca136576d0fa62b1a264d17d4b",
 <       "0xaa1244f318dc5372fc392be02c92ca408c69cda8",
 <       "0x8a6d7a1d041e2738f48fc0e21d4fb00c6d8b3bf0",
 <       "0xd8d91f6f7bcb96d1faf117b00980bd5f79b888e3",
 <       "0xc3e330810a52ba2a13279c30b9a1815be2ab096a",
 <       "0x950e297fb61e2c484dbb31e041a56d4a6aaa57bd",
 <       "0x344317159ed963f5b34d8420db6b4c475e3e07fa",
 <       "0x3187156885958fd74fbdfcfa96478685257feb35"
 <     ]
 <   }
[2019/10/02 12:47:13.869] - eth_getBalance
[2019/10/02 12:47:13.869] -    > {
   >   "jsonrpc": "2.0",
   >   "id": 159,
   >   "method": "eth_getBalance",
   >   "params": [
   >     "0x9bd75786b24ceea658c63d1b7c03b855c8a69b61",
   >     "latest"
   >   ],
   >   "internal": true
   > }
[2019/10/02 12:47:13.895] - eth_getTransactionCount
[2019/10/02 12:47:13.895] -    > {
   >   "jsonrpc": "2.0",
   >   "id": 160,
   >   "method": "eth_getTransactionCount",
   >   "params": [
   >     "0x9bd75786b24ceea658c63d1b7c03b855c8a69b61",
   >     "latest"
   >   ],
   >   "internal": true
   > }
[2019/10/02 12:47:13.922] - eth_getBalance
[2019/10/02 12:47:13.922] -    > {
   >   "jsonrpc": "2.0",
   >   "id": 161,
   >   "method": "eth_getBalance",
   >   "params": [
   >     "0xd56336105035bd22275ba398c8169f5498565516",
   >     "latest"
   >   ],
   >   "internal": true
   > }
[2019/10/02 12:47:13.949] - eth_getTransactionCount
[2019/10/02 12:47:13.949] -    > {
   >   "jsonrpc": "2.0",
   >   "id": 162,
   >   "method": "eth_getTransactionCount",
   >   "params": [
   >     "0xd56336105035bd22275ba398c8169f5498565516",
   >     "latest"
   >   ],
   >   "internal": true
   > }
[2019/10/02 12:47:13.963] -  <   {
 <     "id": 159,
 <     "jsonrpc": "2.0",
 <     "result": "0x56bc75e2d63100000"
 <   }
[2019/10/02 12:47:13.965] -  <   {
 <     "id": 160,
 <     "jsonrpc": "2.0",
 <     "result": "0x0"
 <   }
[2019/10/02 12:47:13.969] - eth_getBalance
[2019/10/02 12:47:13.969] -    > {
   >   "jsonrpc": "2.0",
   >   "id": 163,
   >   "method": "eth_getBalance",
   >   "params": [
   >     "0x21a867663320f521e721f4800a96506ab6cb3f52",
   >     "latest"
   >   ],
   >   "internal": true
   > }
[2019/10/02 12:47:13.989] -  <   {
 <     "id": 161,
 <     "jsonrpc": "2.0",
 <     "result": "0x56bc75e2d63100000"
 <   }
[2019/10/02 12:47:13.998] -  <   {
 <     "id": 162,
 <     "jsonrpc": "2.0",
 <     "result": "0x0"
 <   }
[2019/10/02 12:47:13.999] - eth_getTransactionCount
[2019/10/02 12:47:13.999] -    > {
   >   "jsonrpc": "2.0",
   >   "id": 164,
   >   "method": "eth_getTransactionCount",
   >   "params": [
   >     "0x21a867663320f521e721f4800a96506ab6cb3f52",
   >     "latest"
   >   ],
   >   "internal": true
   > }
[2019/10/02 12:47:14.026] - eth_getBalance
[2019/10/02 12:47:14.026] -    > {
   >   "jsonrpc": "2.0",
   >   "id": 165,
   >   "method": "eth_getBalance",
   >   "params": [
   >     "0x66c200aa4c11fe82025f834e9ac0e89be4474087",
   >     "latest"
   >   ],
   >   "internal": true
   > }
[2019/10/02 12:47:14.054] - eth_getTransactionCount
[2019/10/02 12:47:14.055] -    > {
   >   "jsonrpc": "2.0",
   >   "id": 166,
   >   "method": "eth_getTransactionCount",
   >   "params": [
   >     "0x66c200aa4c11fe82025f834e9ac0e89be4474087",
   >     "latest"
   >   ],
   >   "internal": true
   > }
[2019/10/02 12:47:14.082] - eth_getBalance
[2019/10/02 12:47:14.082] -    > {
   >   "jsonrpc": "2.0",
   >   "id": 167,
   >   "method": "eth_getBalance",
   >   "params": [
   >     "0x1b2cba36955aa7f85c54ac80f640a5fbb8bf0396",
   >     "latest"
   >   ],
   >   "internal": true
   > }
[2019/10/02 12:47:14.112] - eth_getTransactionCount
[2019/10/02 12:47:14.113] -    > {
   >   "jsonrpc": "2.0",
   >   "id": 168,
   >   "method": "eth_getTransactionCount",
   >   "params": [
   >     "0x1b2cba36955aa7f85c54ac80f640a5fbb8bf0396",
   >     "latest"
   >   ],
   >   "internal": true
   > }
[2019/10/02 12:47:14.118] -  <   {
 <     "id": 163,
 <     "jsonrpc": "2.0",
 <     "result": "0x56bc75e2d63100000"
 <   }
[2019/10/02 12:47:14.119] -  <   {
 <     "id": 164,
 <     "jsonrpc": "2.0",
 <     "result": "0x0"
 <   }
[2019/10/02 12:47:14.178] - eth_getBalance
[2019/10/02 12:47:14.178] -    > {
   >   "jsonrpc": "2.0",
   >   "id": 169,
   >   "method": "eth_getBalance",
   >   "params": [
   >     "0x7c20a55ddfa8db7607aa4f98c9976476e2ada395",
   >     "latest"
   >   ],
   >   "internal": true
   > }
[2019/10/02 12:47:14.187] -  <   {
 <     "id": 165,
 <     "jsonrpc": "2.0",
 <     "result": "0x56bc75e2d63100000"
 <   }
[2019/10/02 12:47:14.188] -  <   {
 <     "id": 166,
 <     "jsonrpc": "2.0",
 <     "result": "0x0"
 <   }
[2019/10/02 12:47:14.211] -  <   {
 <     "id": 167,
 <     "jsonrpc": "2.0",
 <     "result": "0x56bc75e2d63100000"
 <   }
[2019/10/02 12:47:14.213] -  <   {
 <     "id": 168,
 <     "jsonrpc": "2.0",
 <     "result": "0x0"
 <   }
[2019/10/02 12:47:14.214] - eth_getTransactionCount
[2019/10/02 12:47:14.214] -    > {
   >   "jsonrpc": "2.0",
   >   "id": 170,
   >   "method": "eth_getTransactionCount",
   >   "params": [
   >     "0x7c20a55ddfa8db7607aa4f98c9976476e2ada395",
   >     "latest"
   >   ],
   >   "internal": true
   > }
[2019/10/02 12:47:14.238] -  <   {
 <     "id": 169,
 <     "jsonrpc": "2.0",
 <     "result": "0x56bc75e2d63100000"
 <   }
[2019/10/02 12:47:14.240] -  <   {
 <     "id": 170,
 <     "jsonrpc": "2.0",
 <     "result": "0x0"
 <   }
[2019/10/02 12:47:14.246] - eth_getBalance
[2019/10/02 12:47:14.247] -    > {
   >   "jsonrpc": "2.0",
   >   "id": 171,
   >   "method": "eth_getBalance",
   >   "params": [
   >     "0xcee3265155c2a701eb8d4c4baf939777b5fcaca7",
   >     "latest"
   >   ],
   >   "internal": true
   > }
[2019/10/02 12:47:14.250] -  <   {
 <     "id": 171,
 <     "jsonrpc": "2.0",
 <     "result": "0x56bc75e2d63100000"
 <   }
[2019/10/02 12:47:14.279] - eth_getTransactionCount
[2019/10/02 12:47:14.279] -    > {
   >   "jsonrpc": "2.0",
   >   "id": 172,
   >   "method": "eth_getTransactionCount",
   >   "params": [
   >     "0xcee3265155c2a701eb8d4c4baf939777b5fcaca7",
   >     "latest"
   >   ],
   >   "internal": true
   > }
[2019/10/02 12:47:14.281] -  <   {
 <     "id": 172,
 <     "jsonrpc": "2.0",
 <     "result": "0x0"
 <   }
[2019/10/02 12:47:14.307] - eth_getBalance
[2019/10/02 12:47:14.307] -    > {
   >   "jsonrpc": "2.0",
   >   "id": 173,
   >   "method": "eth_getBalance",
   >   "params": [
   >     "0xc89f3275b1678efc3b9a5764e174afb74dcee8e2",
   >     "latest"
   >   ],
   >   "internal": true
   > }
[2019/10/02 12:47:14.310] -  <   {
 <     "id": 173,
 <     "jsonrpc": "2.0",
 <     "result": "0x56bc75e2d63100000"
 <   }
[2019/10/02 12:47:14.339] - eth_getTransactionCount
[2019/10/02 12:47:14.339] -    > {
   >   "jsonrpc": "2.0",
   >   "id": 174,
   >   "method": "eth_getTransactionCount",
   >   "params": [
   >     "0xc89f3275b1678efc3b9a5764e174afb74dcee8e2",
   >     "latest"
   >   ],
   >   "internal": true
   > }
[2019/10/02 12:47:14.341] -  <   {
 <     "id": 174,
 <     "jsonrpc": "2.0",
 <     "result": "0x0"
 <   }
[2019/10/02 12:47:14.362] - eth_getBalance
[2019/10/02 12:47:14.362] -    > {
   >   "jsonrpc": "2.0",
   >   "id": 175,
   >   "method": "eth_getBalance",
   >   "params": [
   >     "0x0ed48e0d9f9be3822c99d7898d9ba388e5596815",
   >     "latest"
   >   ],
   >   "internal": true
   > }
[2019/10/02 12:47:14.365] -  <   {
 <     "id": 175,
 <     "jsonrpc": "2.0",
 <     "result": "0x56bc75e2d63100000"
 <   }
[2019/10/02 12:47:14.390] - eth_getTransactionCount
[2019/10/02 12:47:14.390] -    > {
   >   "jsonrpc": "2.0",
   >   "id": 176,
   >   "method": "eth_getTransactionCount",
   >   "params": [
   >     "0x0ed48e0d9f9be3822c99d7898d9ba388e5596815",
   >     "latest"
   >   ],
   >   "internal": true
   > }
[2019/10/02 12:47:14.391] -  <   {
 <     "id": 176,
 <     "jsonrpc": "2.0",
 <     "result": "0x0"
 <   }
[2019/10/02 12:47:14.419] - eth_getBalance
[2019/10/02 12:47:14.419] -    > {
   >   "jsonrpc": "2.0",
   >   "id": 177,
   >   "method": "eth_getBalance",
   >   "params": [
   >     "0xf4cbecc81a4e7d7f3da583c4cd292a59c6e82e3a",
   >     "latest"
   >   ],
   >   "internal": true
   > }
[2019/10/02 12:47:14.423] -  <   {
 <     "id": 177,
 <     "jsonrpc": "2.0",
 <     "result": "0x56bc75e2d63100000"
 <   }
[2019/10/02 12:47:14.448] - eth_getTransactionCount
[2019/10/02 12:47:14.448] -    > {
   >   "jsonrpc": "2.0",
   >   "id": 178,
   >   "method": "eth_getTransactionCount",
   >   "params": [
   >     "0xf4cbecc81a4e7d7f3da583c4cd292a59c6e82e3a",
   >     "latest"
   >   ],
   >   "internal": true
   > }
[2019/10/02 12:47:14.450] -  <   {
 <     "id": 178,
 <     "jsonrpc": "2.0",
 <     "result": "0x0"
 <   }
[2019/10/02 12:47:14.475] - eth_getBalance
[2019/10/02 12:47:14.475] -    > {
   >   "jsonrpc": "2.0",
   >   "id": 179,
   >   "method": "eth_getBalance",
   >   "params": [
   >     "0xed5f9780434f22b20fc937833a8f614b4b2c535b",
   >     "latest"
   >   ],
   >   "internal": true
   > }
[2019/10/02 12:47:14.477] -  <   {
 <     "id": 179,
 <     "jsonrpc": "2.0",
 <     "result": "0x56bc75e2d63100000"
 <   }
[2019/10/02 12:47:14.502] - eth_getTransactionCount
[2019/10/02 12:47:14.502] -    > {
   >   "jsonrpc": "2.0",
   >   "id": 180,
   >   "method": "eth_getTransactionCount",
   >   "params": [
   >     "0xed5f9780434f22b20fc937833a8f614b4b2c535b",
   >     "latest"
   >   ],
   >   "internal": true
   > }
[2019/10/02 12:47:14.504] -  <   {
 <     "id": 180,
 <     "jsonrpc": "2.0",
 <     "result": "0x0"
 <   }
[2019/10/02 12:47:14.530] - eth_getBalance
[2019/10/02 12:47:14.530] -    > {
   >   "jsonrpc": "2.0",
   >   "id": 181,
   >   "method": "eth_getBalance",
   >   "params": [
   >     "0xa2f7546b1bfc4d94291463308f95f49586033573",
   >     "latest"
   >   ],
   >   "internal": true
   > }
[2019/10/02 12:47:14.532] -  <   {
 <     "id": 181,
 <     "jsonrpc": "2.0",
 <     "result": "0x56bc75e2d63100000"
 <   }
[2019/10/02 12:47:14.557] - eth_getTransactionCount
[2019/10/02 12:47:14.558] -    > {
   >   "jsonrpc": "2.0",
   >   "id": 182,
   >   "method": "eth_getTransactionCount",
   >   "params": [
   >     "0xa2f7546b1bfc4d94291463308f95f49586033573",
   >     "latest"
   >   ],
   >   "internal": true
   > }
[2019/10/02 12:47:14.559] -  <   {
 <     "id": 182,
 <     "jsonrpc": "2.0",
 <     "result": "0x0"
 <   }
[2019/10/02 12:47:14.584] - eth_getBalance
[2019/10/02 12:47:14.585] -    > {
   >   "jsonrpc": "2.0",
   >   "id": 183,
   >   "method": "eth_getBalance",
   >   "params": [
   >     "0xd6ac0c8527a22e9a96f38c46c7610aa1b3c18c6d",
   >     "latest"
   >   ],
   >   "internal": true
   > }
[2019/10/02 12:47:14.594] -  <   {
 <     "id": 183,
 <     "jsonrpc": "2.0",
 <     "result": "0x56bc75e2d63100000"
 <   }
[2019/10/02 12:47:14.612] - eth_getTransactionCount
[2019/10/02 12:47:14.612] -    > {
   >   "jsonrpc": "2.0",
   >   "id": 184,
   >   "method": "eth_getTransactionCount",
   >   "params": [
   >     "0xd6ac0c8527a22e9a96f38c46c7610aa1b3c18c6d",
   >     "latest"
   >   ],
   >   "internal": true
   > }
[2019/10/02 12:47:14.614] -  <   {
 <     "id": 184,
 <     "jsonrpc": "2.0",
 <     "result": "0x0"
 <   }
[2019/10/02 12:47:14.640] - eth_getBalance
[2019/10/02 12:47:14.640] -    > {
   >   "jsonrpc": "2.0",
   >   "id": 185,
   >   "method": "eth_getBalance",
   >   "params": [
   >     "0x20bb65b5faed375bfaf83846f3b87ad980f76362",
   >     "latest"
   >   ],
   >   "internal": true
   > }
[2019/10/02 12:47:14.644] -  <   {
 <     "id": 185,
 <     "jsonrpc": "2.0",
 <     "result": "0x56bc75e2d63100000"
 <   }
[2019/10/02 12:47:14.661] - eth_getTransactionCount
[2019/10/02 12:47:14.661] -    > {
   >   "jsonrpc": "2.0",
   >   "id": 186,
   >   "method": "eth_getTransactionCount",
   >   "params": [
   >     "0x20bb65b5faed375bfaf83846f3b87ad980f76362",
   >     "latest"
   >   ],
   >   "internal": true
   > }
[2019/10/02 12:47:14.663] -  <   {
 <     "id": 186,
 <     "jsonrpc": "2.0",
 <     "result": "0x0"
 <   }
[2019/10/02 12:47:14.689] - eth_getBalance
[2019/10/02 12:47:14.689] -    > {
   >   "jsonrpc": "2.0",
   >   "id": 187,
   >   "method": "eth_getBalance",
   >   "params": [
   >     "0x0f3f074346144d92354d37bbae97cf56d52de51c",
   >     "latest"
   >   ],
   >   "internal": true
   > }
[2019/10/02 12:47:14.692] -  <   {
 <     "id": 187,
 <     "jsonrpc": "2.0",
 <     "result": "0x56bc75e2d63100000"
 <   }
[2019/10/02 12:47:14.717] - eth_getTransactionCount
[2019/10/02 12:47:14.717] -    > {
   >   "jsonrpc": "2.0",
   >   "id": 188,
   >   "method": "eth_getTransactionCount",
   >   "params": [
   >     "0x0f3f074346144d92354d37bbae97cf56d52de51c",
   >     "latest"
   >   ],
   >   "internal": true
   > }
[2019/10/02 12:47:14.719] -  <   {
 <     "id": 188,
 <     "jsonrpc": "2.0",
 <     "result": "0x0"
 <   }
[2019/10/02 12:47:14.745] - eth_getBalance
[2019/10/02 12:47:14.745] -    > {
   >   "jsonrpc": "2.0",
   >   "id": 189,
   >   "method": "eth_getBalance",
   >   "params": [
   >     "0xf7b0480508ec4d29da11edd10987ca4093e0dda4",
   >     "latest"
   >   ],
   >   "internal": true
   > }
[2019/10/02 12:47:14.773] -  <   {
 <     "id": 189,
 <     "jsonrpc": "2.0",
 <     "result": "0x56bc75e2d63100000"
 <   }
[2019/10/02 12:47:14.775] - eth_getTransactionCount
[2019/10/02 12:47:14.775] -    > {
   >   "jsonrpc": "2.0",
   >   "id": 190,
   >   "method": "eth_getTransactionCount",
   >   "params": [
   >     "0xf7b0480508ec4d29da11edd10987ca4093e0dda4",
   >     "latest"
   >   ],
   >   "internal": true
   > }
[2019/10/02 12:47:14.777] -  <   {
 <     "id": 190,
 <     "jsonrpc": "2.0",
 <     "result": "0x0"
 <   }
[2019/10/02 12:47:14.802] - eth_getBalance
[2019/10/02 12:47:14.802] -    > {
   >   "jsonrpc": "2.0",
   >   "id": 191,
   >   "method": "eth_getBalance",
   >   "params": [
   >     "0xcb15ddbf0637c432042a0865520a5f8c2a09a054",
   >     "latest"
   >   ],
   >   "internal": true
   > }
[2019/10/02 12:47:14.804] -  <   {
 <     "id": 191,
 <     "jsonrpc": "2.0",
 <     "result": "0x56bc75e2d63100000"
 <   }
[2019/10/02 12:47:14.829] - eth_getTransactionCount
[2019/10/02 12:47:14.829] -    > {
   >   "jsonrpc": "2.0",
   >   "id": 192,
   >   "method": "eth_getTransactionCount",
   >   "params": [
   >     "0xcb15ddbf0637c432042a0865520a5f8c2a09a054",
   >     "latest"
   >   ],
   >   "internal": true
   > }
[2019/10/02 12:47:14.831] -  <   {
 <     "id": 192,
 <     "jsonrpc": "2.0",
 <     "result": "0x0"
 <   }
[2019/10/02 12:47:14.855] - eth_getBalance
[2019/10/02 12:47:14.856] -    > {
   >   "jsonrpc": "2.0",
   >   "id": 193,
   >   "method": "eth_getBalance",
   >   "params": [
   >     "0x98a5ec87b65b2bca136576d0fa62b1a264d17d4b",
   >     "latest"
   >   ],
   >   "internal": true
   > }
[2019/10/02 12:47:14.859] -  <   {
 <     "id": 193,
 <     "jsonrpc": "2.0",
 <     "result": "0x56bc75e2d63100000"
 <   }
[2019/10/02 12:47:14.882] - eth_getTransactionCount
[2019/10/02 12:47:14.882] -    > {
   >   "jsonrpc": "2.0",
   >   "id": 194,
   >   "method": "eth_getTransactionCount",
   >   "params": [
   >     "0x98a5ec87b65b2bca136576d0fa62b1a264d17d4b",
   >     "latest"
   >   ],
   >   "internal": true
   > }
[2019/10/02 12:47:14.884] -  <   {
 <     "id": 194,
 <     "jsonrpc": "2.0",
 <     "result": "0x0"
 <   }
[2019/10/02 12:47:14.909] - eth_getBalance
[2019/10/02 12:47:14.909] -    > {
   >   "jsonrpc": "2.0",
   >   "id": 195,
   >   "method": "eth_getBalance",
   >   "params": [
   >     "0xaa1244f318dc5372fc392be02c92ca408c69cda8",
   >     "latest"
   >   ],
   >   "internal": true
   > }
[2019/10/02 12:47:14.912] -  <   {
 <     "id": 195,
 <     "jsonrpc": "2.0",
 <     "result": "0x56bc75e2d63100000"
 <   }
[2019/10/02 12:47:14.936] - eth_getTransactionCount
[2019/10/02 12:47:14.936] -    > {
   >   "jsonrpc": "2.0",
   >   "id": 196,
   >   "method": "eth_getTransactionCount",
   >   "params": [
   >     "0xaa1244f318dc5372fc392be02c92ca408c69cda8",
   >     "latest"
   >   ],
   >   "internal": true
   > }
[2019/10/02 12:47:14.938] -  <   {
 <     "id": 196,
 <     "jsonrpc": "2.0",
 <     "result": "0x0"
 <   }
[2019/10/02 12:47:14.955] - eth_getBalance
[2019/10/02 12:47:14.955] -    > {
   >   "jsonrpc": "2.0",
   >   "id": 197,
   >   "method": "eth_getBalance",
   >   "params": [
   >     "0x8a6d7a1d041e2738f48fc0e21d4fb00c6d8b3bf0",
   >     "latest"
   >   ],
   >   "internal": true
   > }
[2019/10/02 12:47:14.958] -  <   {
 <     "id": 197,
 <     "jsonrpc": "2.0",
 <     "result": "0x56bc75e2d63100000"
 <   }
[2019/10/02 12:47:14.983] - eth_getTransactionCount
[2019/10/02 12:47:14.983] -    > {
   >   "jsonrpc": "2.0",
   >   "id": 198,
   >   "method": "eth_getTransactionCount",
   >   "params": [
   >     "0x8a6d7a1d041e2738f48fc0e21d4fb00c6d8b3bf0",
   >     "latest"
   >   ],
   >   "internal": true
   > }
[2019/10/02 12:47:14.985] -  <   {
 <     "id": 198,
 <     "jsonrpc": "2.0",
 <     "result": "0x0"
 <   }
[2019/10/02 12:47:15.010] - eth_getBalance
[2019/10/02 12:47:15.010] -    > {
   >   "jsonrpc": "2.0",
   >   "id": 199,
   >   "method": "eth_getBalance",
   >   "params": [
   >     "0xd8d91f6f7bcb96d1faf117b00980bd5f79b888e3",
   >     "latest"
   >   ],
   >   "internal": true
   > }
[2019/10/02 12:47:15.013] -  <   {
 <     "id": 199,
 <     "jsonrpc": "2.0",
 <     "result": "0x56bc75e2d63100000"
 <   }
[2019/10/02 12:47:15.038] - eth_getTransactionCount
[2019/10/02 12:47:15.038] -    > {
   >   "jsonrpc": "2.0",
   >   "id": 200,
   >   "method": "eth_getTransactionCount",
   >   "params": [
   >     "0xd8d91f6f7bcb96d1faf117b00980bd5f79b888e3",
   >     "latest"
   >   ],
   >   "internal": true
   > }
[2019/10/02 12:47:15.040] -  <   {
 <     "id": 200,
 <     "jsonrpc": "2.0",
 <     "result": "0x0"
 <   }
[2019/10/02 12:47:15.066] - eth_getBalance
[2019/10/02 12:47:15.066] -    > {
   >   "jsonrpc": "2.0",
   >   "id": 201,
   >   "method": "eth_getBalance",
   >   "params": [
   >     "0xc3e330810a52ba2a13279c30b9a1815be2ab096a",
   >     "latest"
   >   ],
   >   "internal": true
   > }
[2019/10/02 12:47:15.069] -  <   {
 <     "id": 201,
 <     "jsonrpc": "2.0",
 <     "result": "0x56bc75e2d63100000"
 <   }
[2019/10/02 12:47:15.095] - eth_getTransactionCount
[2019/10/02 12:47:15.095] -    > {
   >   "jsonrpc": "2.0",
   >   "id": 202,
   >   "method": "eth_getTransactionCount",
   >   "params": [
   >     "0xc3e330810a52ba2a13279c30b9a1815be2ab096a",
   >     "latest"
   >   ],
   >   "internal": true
   > }
[2019/10/02 12:47:15.096] -  <   {
 <     "id": 202,
 <     "jsonrpc": "2.0",
 <     "result": "0x0"
 <   }
[2019/10/02 12:47:15.123] - eth_getBalance
[2019/10/02 12:47:15.123] -    > {
   >   "jsonrpc": "2.0",
   >   "id": 203,
   >   "method": "eth_getBalance",
   >   "params": [
   >     "0x950e297fb61e2c484dbb31e041a56d4a6aaa57bd",
   >     "latest"
   >   ],
   >   "internal": true
   > }
[2019/10/02 12:47:15.125] -  <   {
 <     "id": 203,
 <     "jsonrpc": "2.0",
 <     "result": "0x56bc75e2d63100000"
 <   }
[2019/10/02 12:47:15.151] - eth_getTransactionCount
[2019/10/02 12:47:15.152] -    > {
   >   "jsonrpc": "2.0",
   >   "id": 204,
   >   "method": "eth_getTransactionCount",
   >   "params": [
   >     "0x950e297fb61e2c484dbb31e041a56d4a6aaa57bd",
   >     "latest"
   >   ],
   >   "internal": true
   > }
[2019/10/02 12:47:15.154] -  <   {
 <     "id": 204,
 <     "jsonrpc": "2.0",
 <     "result": "0x0"
 <   }
[2019/10/02 12:47:15.178] - eth_getBalance
[2019/10/02 12:47:15.178] -    > {
   >   "jsonrpc": "2.0",
   >   "id": 205,
   >   "method": "eth_getBalance",
   >   "params": [
   >     "0x344317159ed963f5b34d8420db6b4c475e3e07fa",
   >     "latest"
   >   ],
   >   "internal": true
   > }
[2019/10/02 12:47:15.181] -  <   {
 <     "id": 205,
 <     "jsonrpc": "2.0",
 <     "result": "0x56bc75e2d63100000"
 <   }
[2019/10/02 12:47:15.205] - eth_getTransactionCount
[2019/10/02 12:47:15.205] -    > {
   >   "jsonrpc": "2.0",
   >   "id": 206,
   >   "method": "eth_getTransactionCount",
   >   "params": [
   >     "0x344317159ed963f5b34d8420db6b4c475e3e07fa",
   >     "latest"
   >   ],
   >   "internal": true
   > }
[2019/10/02 12:47:15.207] -  <   {
 <     "id": 206,
 <     "jsonrpc": "2.0",
 <     "result": "0x0"
 <   }
[2019/10/02 12:47:15.232] - eth_getBalance
[2019/10/02 12:47:15.232] -    > {
   >   "jsonrpc": "2.0",
   >   "id": 207,
   >   "method": "eth_getBalance",
   >   "params": [
   >     "0x3187156885958fd74fbdfcfa96478685257feb35",
   >     "latest"
   >   ],
   >   "internal": true
   > }
[2019/10/02 12:47:15.234] -  <   {
 <     "id": 207,
 <     "jsonrpc": "2.0",
 <     "result": "0x56bc75e2d63100000"
 <   }
[2019/10/02 12:47:15.252] - eth_getTransactionCount
[2019/10/02 12:47:15.252] -    > {
   >   "jsonrpc": "2.0",
   >   "id": 208,
   >   "method": "eth_getTransactionCount",
   >   "params": [
   >     "0x3187156885958fd74fbdfcfa96478685257feb35",
   >     "latest"
   >   ],
   >   "internal": true
   > }
[2019/10/02 12:47:15.254] -  <   {
 <     "id": 208,
 <     "jsonrpc": "2.0",
 <     "result": "0x0"
 <   }
[2019/10/02 12:47:15.657] - eth_getTransactionCount
[2019/10/02 12:47:15.657] -    > {
   >   "jsonrpc": "2.0",
   >   "id": 210,
   >   "method": "eth_getTransactionCount",
   >   "params": [
   >     "0x9bd75786b24ceea658c63d1b7c03b855c8a69b61",
   >     "latest"
   >   ],
   >   "internal": true
   > }
[2019/10/02 12:47:15.660] -  <   {
 <     "id": 210,
 <     "jsonrpc": "2.0",
 <     "result": "0x0"
 <   }
[2019/10/02 12:47:15.683] - eth_getBalance
[2019/10/02 12:47:15.683] -    > {
   >   "jsonrpc": "2.0",
   >   "id": 211,
   >   "method": "eth_getBalance",
   >   "params": [
   >     "0xd56336105035bd22275ba398c8169f5498565516",
   >     "latest"
   >   ],
   >   "internal": true
   > }
[2019/10/02 12:47:15.685] -  <   {
 <     "id": 211,
 <     "jsonrpc": "2.0",
 <     "result": "0x56bc75e2d63100000"
 <   }
[2019/10/02 12:47:15.709] - eth_getTransactionCount
[2019/10/02 12:47:15.710] -    > {
   >   "jsonrpc": "2.0",
   >   "id": 212,
   >   "method": "eth_getTransactionCount",
   >   "params": [
   >     "0xd56336105035bd22275ba398c8169f5498565516",
   >     "latest"
   >   ],
   >   "internal": true
   > }
[2019/10/02 12:47:15.712] -  <   {
 <     "id": 212,
 <     "jsonrpc": "2.0",
 <     "result": "0x0"
 <   }
[2019/10/02 12:47:15.735] - eth_getBalance
[2019/10/02 12:47:15.736] -    > {
   >   "jsonrpc": "2.0",
   >   "id": 213,
   >   "method": "eth_getBalance",
   >   "params": [
   >     "0x21a867663320f521e721f4800a96506ab6cb3f52",
   >     "latest"
   >   ],
   >   "internal": true
   > }
[2019/10/02 12:47:15.738] -  <   {
 <     "id": 213,
 <     "jsonrpc": "2.0",
 <     "result": "0x56bc75e2d63100000"
 <   }
[2019/10/02 12:47:15.761] - eth_getTransactionCount
[2019/10/02 12:47:15.762] -    > {
   >   "jsonrpc": "2.0",
   >   "id": 214,
   >   "method": "eth_getTransactionCount",
   >   "params": [
   >     "0x21a867663320f521e721f4800a96506ab6cb3f52",
   >     "latest"
   >   ],
   >   "internal": true
   > }
[2019/10/02 12:47:15.764] -  <   {
 <     "id": 214,
 <     "jsonrpc": "2.0",
 <     "result": "0x0"
 <   }
[2019/10/02 12:47:15.788] - eth_getBalance
[2019/10/02 12:47:15.788] -    > {
   >   "jsonrpc": "2.0",
   >   "id": 215,
   >   "method": "eth_getBalance",
   >   "params": [
   >     "0x66c200aa4c11fe82025f834e9ac0e89be4474087",
   >     "latest"
   >   ],
   >   "internal": true
   > }
[2019/10/02 12:47:15.790] -  <   {
 <     "id": 215,
 <     "jsonrpc": "2.0",
 <     "result": "0x56bc75e2d63100000"
 <   }
[2019/10/02 12:47:15.814] - eth_getTransactionCount
[2019/10/02 12:47:15.814] -    > {
   >   "jsonrpc": "2.0",
   >   "id": 216,
   >   "method": "eth_getTransactionCount",
   >   "params": [
   >     "0x66c200aa4c11fe82025f834e9ac0e89be4474087",
   >     "latest"
   >   ],
   >   "internal": true
   > }
[2019/10/02 12:47:15.816] -  <   {
 <     "id": 216,
 <     "jsonrpc": "2.0",
 <     "result": "0x0"
 <   }
[2019/10/02 12:47:15.845] - eth_getBalance
[2019/10/02 12:47:15.845] -    > {
   >   "jsonrpc": "2.0",
   >   "id": 217,
   >   "method": "eth_getBalance",
   >   "params": [
   >     "0x1b2cba36955aa7f85c54ac80f640a5fbb8bf0396",
   >     "latest"
   >   ],
   >   "internal": true
   > }
[2019/10/02 12:47:15.847] -  <   {
 <     "id": 217,
 <     "jsonrpc": "2.0",
 <     "result": "0x56bc75e2d63100000"
 <   }
[2019/10/02 12:47:15.874] - eth_getTransactionCount
[2019/10/02 12:47:15.874] -    > {
   >   "jsonrpc": "2.0",
   >   "id": 218,
   >   "method": "eth_getTransactionCount",
   >   "params": [
   >     "0x1b2cba36955aa7f85c54ac80f640a5fbb8bf0396",
   >     "latest"
   >   ],
   >   "internal": true
   > }
[2019/10/02 12:47:15.876] -  <   {
 <     "id": 218,
 <     "jsonrpc": "2.0",
 <     "result": "0x0"
 <   }
[2019/10/02 12:47:15.901] - eth_getBalance
[2019/10/02 12:47:15.901] -    > {
   >   "jsonrpc": "2.0",
   >   "id": 219,
   >   "method": "eth_getBalance",
   >   "params": [
   >     "0x7c20a55ddfa8db7607aa4f98c9976476e2ada395",
   >     "latest"
   >   ],
   >   "internal": true
   > }
[2019/10/02 12:47:15.903] -  <   {
 <     "id": 219,
 <     "jsonrpc": "2.0",
 <     "result": "0x56bc75e2d63100000"
 <   }
[2019/10/02 12:47:15.928] - eth_getTransactionCount
[2019/10/02 12:47:15.928] -    > {
   >   "jsonrpc": "2.0",
   >   "id": 220,
   >   "method": "eth_getTransactionCount",
   >   "params": [
   >     "0x7c20a55ddfa8db7607aa4f98c9976476e2ada395",
   >     "latest"
   >   ],
   >   "internal": true
   > }
[2019/10/02 12:47:15.930] -  <   {
 <     "id": 220,
 <     "jsonrpc": "2.0",
 <     "result": "0x0"
 <   }
[2019/10/02 12:47:15.947] - eth_getBalance
[2019/10/02 12:47:15.947] -    > {
   >   "jsonrpc": "2.0",
   >   "id": 221,
   >   "method": "eth_getBalance",
   >   "params": [
   >     "0xcee3265155c2a701eb8d4c4baf939777b5fcaca7",
   >     "latest"
   >   ],
   >   "internal": true
   > }
[2019/10/02 12:47:15.949] -  <   {
 <     "id": 221,
 <     "jsonrpc": "2.0",
 <     "result": "0x56bc75e2d63100000"
 <   }
[2019/10/02 12:47:15.973] - eth_getTransactionCount
[2019/10/02 12:47:15.973] -    > {
   >   "jsonrpc": "2.0",
   >   "id": 222,
   >   "method": "eth_getTransactionCount",
   >   "params": [
   >     "0xcee3265155c2a701eb8d4c4baf939777b5fcaca7",
   >     "latest"
   >   ],
   >   "internal": true
   > }
[2019/10/02 12:47:15.975] -  <   {
 <     "id": 222,
 <     "jsonrpc": "2.0",
 <     "result": "0x0"
 <   }
[2019/10/02 12:47:15.999] - eth_getBalance
[2019/10/02 12:47:15.999] -    > {
   >   "jsonrpc": "2.0",
   >   "id": 223,
   >   "method": "eth_getBalance",
   >   "params": [
   >     "0xc89f3275b1678efc3b9a5764e174afb74dcee8e2",
   >     "latest"
   >   ],
   >   "internal": true
   > }
[2019/10/02 12:47:16.001] -  <   {
 <     "id": 223,
 <     "jsonrpc": "2.0",
 <     "result": "0x56bc75e2d63100000"
 <   }
[2019/10/02 12:47:16.024] - eth_getTransactionCount
[2019/10/02 12:47:16.025] -    > {
   >   "jsonrpc": "2.0",
   >   "id": 224,
   >   "method": "eth_getTransactionCount",
   >   "params": [
   >     "0xc89f3275b1678efc3b9a5764e174afb74dcee8e2",
   >     "latest"
   >   ],
   >   "internal": true
   > }
[2019/10/02 12:47:16.027] -  <   {
 <     "id": 224,
 <     "jsonrpc": "2.0",
 <     "result": "0x0"
 <   }
[2019/10/02 12:47:16.050] - eth_getBalance
[2019/10/02 12:47:16.050] -    > {
   >   "jsonrpc": "2.0",
   >   "id": 225,
   >   "method": "eth_getBalance",
   >   "params": [
   >     "0x0ed48e0d9f9be3822c99d7898d9ba388e5596815",
   >     "latest"
   >   ],
   >   "internal": true
   > }
[2019/10/02 12:47:16.052] -  <   {
 <     "id": 225,
 <     "jsonrpc": "2.0",
 <     "result": "0x56bc75e2d63100000"
 <   }
[2019/10/02 12:47:16.076] - eth_getTransactionCount
[2019/10/02 12:47:16.076] -    > {
   >   "jsonrpc": "2.0",
   >   "id": 226,
   >   "method": "eth_getTransactionCount",
   >   "params": [
   >     "0x0ed48e0d9f9be3822c99d7898d9ba388e5596815",
   >     "latest"
   >   ],
   >   "internal": true
   > }
[2019/10/02 12:47:16.078] -  <   {
 <     "id": 226,
 <     "jsonrpc": "2.0",
 <     "result": "0x0"
 <   }
[2019/10/02 12:47:16.102] - eth_getBalance
[2019/10/02 12:47:16.102] -    > {
   >   "jsonrpc": "2.0",
   >   "id": 227,
   >   "method": "eth_getBalance",
   >   "params": [
   >     "0xf4cbecc81a4e7d7f3da583c4cd292a59c6e82e3a",
   >     "latest"
   >   ],
   >   "internal": true
   > }
[2019/10/02 12:47:16.105] -  <   {
 <     "id": 227,
 <     "jsonrpc": "2.0",
 <     "result": "0x56bc75e2d63100000"
 <   }
[2019/10/02 12:47:16.128] - eth_getTransactionCount
[2019/10/02 12:47:16.128] -    > {
   >   "jsonrpc": "2.0",
   >   "id": 228,
   >   "method": "eth_getTransactionCount",
   >   "params": [
   >     "0xf4cbecc81a4e7d7f3da583c4cd292a59c6e82e3a",
   >     "latest"
   >   ],
   >   "internal": true
   > }
[2019/10/02 12:47:16.130] -  <   {
 <     "id": 228,
 <     "jsonrpc": "2.0",
 <     "result": "0x0"
 <   }
[2019/10/02 12:47:16.154] - eth_getBalance
[2019/10/02 12:47:16.154] -    > {
   >   "jsonrpc": "2.0",
   >   "id": 229,
   >   "method": "eth_getBalance",
   >   "params": [
   >     "0xed5f9780434f22b20fc937833a8f614b4b2c535b",
   >     "latest"
   >   ],
   >   "internal": true
   > }
[2019/10/02 12:47:16.156] -  <   {
 <     "id": 229,
 <     "jsonrpc": "2.0",
 <     "result": "0x56bc75e2d63100000"
 <   }
[2019/10/02 12:47:16.182] - eth_getTransactionCount
[2019/10/02 12:47:16.182] -    > {
   >   "jsonrpc": "2.0",
   >   "id": 230,
   >   "method": "eth_getTransactionCount",
   >   "params": [
   >     "0xed5f9780434f22b20fc937833a8f614b4b2c535b",
   >     "latest"
   >   ],
   >   "internal": true
   > }
[2019/10/02 12:47:16.184] -  <   {
 <     "id": 230,
 <     "jsonrpc": "2.0",
 <     "result": "0x0"
 <   }
[2019/10/02 12:47:16.208] - eth_getBalance
[2019/10/02 12:47:16.208] -    > {
   >   "jsonrpc": "2.0",
   >   "id": 231,
   >   "method": "eth_getBalance",
   >   "params": [
   >     "0xa2f7546b1bfc4d94291463308f95f49586033573",
   >     "latest"
   >   ],
   >   "internal": true
   > }
[2019/10/02 12:47:16.210] -  <   {
 <     "id": 231,
 <     "jsonrpc": "2.0",
 <     "result": "0x56bc75e2d63100000"
 <   }
[2019/10/02 12:47:16.227] - eth_getTransactionCount
[2019/10/02 12:47:16.227] -    > {
   >   "jsonrpc": "2.0",
   >   "id": 232,
   >   "method": "eth_getTransactionCount",
   >   "params": [
   >     "0xa2f7546b1bfc4d94291463308f95f49586033573",
   >     "latest"
   >   ],
   >   "internal": true
   > }
[2019/10/02 12:47:16.229] -  <   {
 <     "id": 232,
 <     "jsonrpc": "2.0",
 <     "result": "0x0"
 <   }
[2019/10/02 12:47:16.252] - eth_getBalance
[2019/10/02 12:47:16.253] -    > {
   >   "jsonrpc": "2.0",
   >   "id": 233,
   >   "method": "eth_getBalance",
   >   "params": [
   >     "0xd6ac0c8527a22e9a96f38c46c7610aa1b3c18c6d",
   >     "latest"
   >   ],
   >   "internal": true
   > }
[2019/10/02 12:47:16.255] -  <   {
 <     "id": 233,
 <     "jsonrpc": "2.0",
 <     "result": "0x56bc75e2d63100000"
 <   }
[2019/10/02 12:47:16.281] - eth_getTransactionCount
[2019/10/02 12:47:16.281] -    > {
   >   "jsonrpc": "2.0",
   >   "id": 234,
   >   "method": "eth_getTransactionCount",
   >   "params": [
   >     "0xd6ac0c8527a22e9a96f38c46c7610aa1b3c18c6d",
   >     "latest"
   >   ],
   >   "internal": true
   > }
[2019/10/02 12:47:16.283] -  <   {
 <     "id": 234,
 <     "jsonrpc": "2.0",
 <     "result": "0x0"
 <   }
[2019/10/02 12:47:16.307] - eth_getBalance
[2019/10/02 12:47:16.307] -    > {
   >   "jsonrpc": "2.0",
   >   "id": 235,
   >   "method": "eth_getBalance",
   >   "params": [
   >     "0x20bb65b5faed375bfaf83846f3b87ad980f76362",
   >     "latest"
   >   ],
   >   "internal": true
   > }
[2019/10/02 12:47:16.310] -  <   {
 <     "id": 235,
 <     "jsonrpc": "2.0",
 <     "result": "0x56bc75e2d63100000"
 <   }
[2019/10/02 12:47:16.333] - eth_getTransactionCount
[2019/10/02 12:47:16.333] -    > {
   >   "jsonrpc": "2.0",
   >   "id": 236,
   >   "method": "eth_getTransactionCount",
   >   "params": [
   >     "0x20bb65b5faed375bfaf83846f3b87ad980f76362",
   >     "latest"
   >   ],
   >   "internal": true
   > }
[2019/10/02 12:47:16.336] -  <   {
 <     "id": 236,
 <     "jsonrpc": "2.0",
 <     "result": "0x0"
 <   }
[2019/10/02 12:47:16.359] - eth_getBalance
[2019/10/02 12:47:16.360] -    > {
   >   "jsonrpc": "2.0",
   >   "id": 237,
   >   "method": "eth_getBalance",
   >   "params": [
   >     "0x0f3f074346144d92354d37bbae97cf56d52de51c",
   >     "latest"
   >   ],
   >   "internal": true
   > }
[2019/10/02 12:47:16.362] -  <   {
 <     "id": 237,
 <     "jsonrpc": "2.0",
 <     "result": "0x56bc75e2d63100000"
 <   }
[2019/10/02 12:47:16.385] - eth_getTransactionCount
[2019/10/02 12:47:16.386] -    > {
   >   "jsonrpc": "2.0",
   >   "id": 238,
   >   "method": "eth_getTransactionCount",
   >   "params": [
   >     "0x0f3f074346144d92354d37bbae97cf56d52de51c",
   >     "latest"
   >   ],
   >   "internal": true
   > }
[2019/10/02 12:47:16.388] -  <   {
 <     "id": 238,
 <     "jsonrpc": "2.0",
 <     "result": "0x0"
 <   }
[2019/10/02 12:47:16.411] - eth_getBalance
[2019/10/02 12:47:16.412] -    > {
   >   "jsonrpc": "2.0",
   >   "id": 239,
   >   "method": "eth_getBalance",
   >   "params": [
   >     "0xf7b0480508ec4d29da11edd10987ca4093e0dda4",
   >     "latest"
   >   ],
   >   "internal": true
   > }
[2019/10/02 12:47:16.413] -  <   {
 <     "id": 239,
 <     "jsonrpc": "2.0",
 <     "result": "0x56bc75e2d63100000"
 <   }
[2019/10/02 12:47:16.437] - eth_getTransactionCount
[2019/10/02 12:47:16.437] -    > {
   >   "jsonrpc": "2.0",
   >   "id": 240,
   >   "method": "eth_getTransactionCount",
   >   "params": [
   >     "0xf7b0480508ec4d29da11edd10987ca4093e0dda4",
   >     "latest"
   >   ],
   >   "internal": true
   > }
[2019/10/02 12:47:16.439] -  <   {
 <     "id": 240,
 <     "jsonrpc": "2.0",
 <     "result": "0x0"
 <   }
[2019/10/02 12:47:16.463] - eth_getBalance
[2019/10/02 12:47:16.463] -    > {
   >   "jsonrpc": "2.0",
   >   "id": 241,
   >   "method": "eth_getBalance",
   >   "params": [
   >     "0xcb15ddbf0637c432042a0865520a5f8c2a09a054",
   >     "latest"
   >   ],
   >   "internal": true
   > }
[2019/10/02 12:47:16.465] -  <   {
 <     "id": 241,
 <     "jsonrpc": "2.0",
 <     "result": "0x56bc75e2d63100000"
 <   }
[2019/10/02 12:47:16.489] - eth_getTransactionCount
[2019/10/02 12:47:16.490] -    > {
   >   "jsonrpc": "2.0",
   >   "id": 242,
   >   "method": "eth_getTransactionCount",
   >   "params": [
   >     "0xcb15ddbf0637c432042a0865520a5f8c2a09a054",
   >     "latest"
   >   ],
   >   "internal": true
   > }
[2019/10/02 12:47:16.492] -  <   {
 <     "id": 242,
 <     "jsonrpc": "2.0",
 <     "result": "0x0"
 <   }
[2019/10/02 12:47:16.509] - eth_getBalance
[2019/10/02 12:47:16.509] -    > {
   >   "jsonrpc": "2.0",
   >   "id": 243,
   >   "method": "eth_getBalance",
   >   "params": [
   >     "0x98a5ec87b65b2bca136576d0fa62b1a264d17d4b",
   >     "latest"
   >   ],
   >   "internal": true
   > }
[2019/10/02 12:47:16.512] -  <   {
 <     "id": 243,
 <     "jsonrpc": "2.0",
 <     "result": "0x56bc75e2d63100000"
 <   }
[2019/10/02 12:47:16.535] - eth_getTransactionCount
[2019/10/02 12:47:16.535] -    > {
   >   "jsonrpc": "2.0",
   >   "id": 244,
   >   "method": "eth_getTransactionCount",
   >   "params": [
   >     "0x98a5ec87b65b2bca136576d0fa62b1a264d17d4b",
   >     "latest"
   >   ],
   >   "internal": true
   > }
[2019/10/02 12:47:16.537] -  <   {
 <     "id": 244,
 <     "jsonrpc": "2.0",
 <     "result": "0x0"
 <   }
[2019/10/02 12:47:16.560] - eth_getBalance
[2019/10/02 12:47:16.560] -    > {
   >   "jsonrpc": "2.0",
   >   "id": 245,
   >   "method": "eth_getBalance",
   >   "params": [
   >     "0xaa1244f318dc5372fc392be02c92ca408c69cda8",
   >     "latest"
   >   ],
   >   "internal": true
   > }
[2019/10/02 12:47:16.562] -  <   {
 <     "id": 245,
 <     "jsonrpc": "2.0",
 <     "result": "0x56bc75e2d63100000"
 <   }
[2019/10/02 12:47:16.585] - eth_getTransactionCount
[2019/10/02 12:47:16.585] -    > {
   >   "jsonrpc": "2.0",
   >   "id": 246,
   >   "method": "eth_getTransactionCount",
   >   "params": [
   >     "0xaa1244f318dc5372fc392be02c92ca408c69cda8",
   >     "latest"
   >   ],
   >   "internal": true
   > }
[2019/10/02 12:47:16.587] -  <   {
 <     "id": 246,
 <     "jsonrpc": "2.0",
 <     "result": "0x0"
 <   }
[2019/10/02 12:47:16.610] - eth_getBalance
[2019/10/02 12:47:16.611] -    > {
   >   "jsonrpc": "2.0",
   >   "id": 247,
   >   "method": "eth_getBalance",
   >   "params": [
   >     "0x8a6d7a1d041e2738f48fc0e21d4fb00c6d8b3bf0",
   >     "latest"
   >   ],
   >   "internal": true
   > }
[2019/10/02 12:47:16.612] -  <   {
 <     "id": 247,
 <     "jsonrpc": "2.0",
 <     "result": "0x56bc75e2d63100000"
 <   }
[2019/10/02 12:47:16.637] - eth_getTransactionCount
[2019/10/02 12:47:16.637] -    > {
   >   "jsonrpc": "2.0",
   >   "id": 248,
   >   "method": "eth_getTransactionCount",
   >   "params": [
   >     "0x8a6d7a1d041e2738f48fc0e21d4fb00c6d8b3bf0",
   >     "latest"
   >   ],
   >   "internal": true
   > }
[2019/10/02 12:47:16.639] -  <   {
 <     "id": 248,
 <     "jsonrpc": "2.0",
 <     "result": "0x0"
 <   }
[2019/10/02 12:47:16.664] - eth_getBalance
[2019/10/02 12:47:16.664] -    > {
   >   "jsonrpc": "2.0",
   >   "id": 249,
   >   "method": "eth_getBalance",
   >   "params": [
   >     "0xd8d91f6f7bcb96d1faf117b00980bd5f79b888e3",
   >     "latest"
   >   ],
   >   "internal": true
   > }
[2019/10/02 12:47:16.666] -  <   {
 <     "id": 249,
 <     "jsonrpc": "2.0",
 <     "result": "0x56bc75e2d63100000"
 <   }
[2019/10/02 12:47:16.690] - eth_getTransactionCount
[2019/10/02 12:47:16.691] -    > {
   >   "jsonrpc": "2.0",
   >   "id": 250,
   >   "method": "eth_getTransactionCount",
   >   "params": [
   >     "0xd8d91f6f7bcb96d1faf117b00980bd5f79b888e3",
   >     "latest"
   >   ],
   >   "internal": true
   > }
[2019/10/02 12:47:16.693] -  <   {
 <     "id": 250,
 <     "jsonrpc": "2.0",
 <     "result": "0x0"
 <   }
[2019/10/02 12:47:16.717] - eth_getBalance
[2019/10/02 12:47:16.717] -    > {
   >   "jsonrpc": "2.0",
   >   "id": 251,
   >   "method": "eth_getBalance",
   >   "params": [
   >     "0xc3e330810a52ba2a13279c30b9a1815be2ab096a",
   >     "latest"
   >   ],
   >   "internal": true
   > }
[2019/10/02 12:47:16.719] -  <   {
 <     "id": 251,
 <     "jsonrpc": "2.0",
 <     "result": "0x56bc75e2d63100000"
 <   }
[2019/10/02 12:47:16.743] - eth_getTransactionCount
[2019/10/02 12:47:16.743] -    > {
   >   "jsonrpc": "2.0",
   >   "id": 252,
   >   "method": "eth_getTransactionCount",
   >   "params": [
   >     "0xc3e330810a52ba2a13279c30b9a1815be2ab096a",
   >     "latest"
   >   ],
   >   "internal": true
   > }
[2019/10/02 12:47:16.745] -  <   {
 <     "id": 252,
 <     "jsonrpc": "2.0",
 <     "result": "0x0"
 <   }
[2019/10/02 12:47:16.769] - eth_getBalance
[2019/10/02 12:47:16.769] -    > {
   >   "jsonrpc": "2.0",
   >   "id": 253,
   >   "method": "eth_getBalance",
   >   "params": [
   >     "0x950e297fb61e2c484dbb31e041a56d4a6aaa57bd",
   >     "latest"
   >   ],
   >   "internal": true
   > }
[2019/10/02 12:47:16.771] -  <   {
 <     "id": 253,
 <     "jsonrpc": "2.0",
 <     "result": "0x56bc75e2d63100000"
 <   }
[2019/10/02 12:47:16.788] - eth_getTransactionCount
[2019/10/02 12:47:16.788] -    > {
   >   "jsonrpc": "2.0",
   >   "id": 254,
   >   "method": "eth_getTransactionCount",
   >   "params": [
   >     "0x950e297fb61e2c484dbb31e041a56d4a6aaa57bd",
   >     "latest"
   >   ],
   >   "internal": true
   > }
[2019/10/02 12:47:16.790] -  <   {
 <     "id": 254,
 <     "jsonrpc": "2.0",
 <     "result": "0x0"
 <   }
[2019/10/02 12:47:16.813] - eth_getBalance
[2019/10/02 12:47:16.814] -    > {
   >   "jsonrpc": "2.0",
   >   "id": 255,
   >   "method": "eth_getBalance",
   >   "params": [
   >     "0x344317159ed963f5b34d8420db6b4c475e3e07fa",
   >     "latest"
   >   ],
   >   "internal": true
   > }
[2019/10/02 12:47:16.815] -  <   {
 <     "id": 255,
 <     "jsonrpc": "2.0",
 <     "result": "0x56bc75e2d63100000"
 <   }
[2019/10/02 12:47:16.839] - eth_getTransactionCount
[2019/10/02 12:47:16.839] -    > {
   >   "jsonrpc": "2.0",
   >   "id": 256,
   >   "method": "eth_getTransactionCount",
   >   "params": [
   >     "0x344317159ed963f5b34d8420db6b4c475e3e07fa",
   >     "latest"
   >   ],
   >   "internal": true
   > }
[2019/10/02 12:47:16.841] -  <   {
 <     "id": 256,
 <     "jsonrpc": "2.0",
 <     "result": "0x0"
 <   }
[2019/10/02 12:47:16.865] - eth_getBalance
[2019/10/02 12:47:16.865] -    > {
   >   "jsonrpc": "2.0",
   >   "id": 257,
   >   "method": "eth_getBalance",
   >   "params": [
   >     "0x3187156885958fd74fbdfcfa96478685257feb35",
   >     "latest"
   >   ],
   >   "internal": true
   > }
[2019/10/02 12:47:16.867] -  <   {
 <     "id": 257,
 <     "jsonrpc": "2.0",
 <     "result": "0x56bc75e2d63100000"
 <   }
[2019/10/02 12:47:16.891] - eth_getTransactionCount
[2019/10/02 12:47:16.891] -    > {
   >   "jsonrpc": "2.0",
   >   "id": 258,
   >   "method": "eth_getTransactionCount",
   >   "params": [
   >     "0x3187156885958fd74fbdfcfa96478685257feb35",
   >     "latest"
   >   ],
   >   "internal": true
   > }
[2019/10/02 12:47:16.893] -  <   {
 <     "id": 258,
 <     "jsonrpc": "2.0",
 <     "result": "0x0"
 <   }
[2019/10/02 12:47:46.904] -    > {
   >   "jsonrpc": "2.0",
   >   "method": "eth_unsubscribe",
   >   "params": [
   >     "0x3"
   >   ],
   >   "id": 1570000666903
   > }
[2019/10/02 12:47:46.906] -  <   {
 <     "id": 1570000666903,
 <     "jsonrpc": "2.0",
 <     "result": true
 <   }
[2019/10/02 12:48:19.595] - eth_unsubscribe
[2019/10/02 12:48:19.596] -    > {
   >   "jsonrpc": "2.0",
   >   "id": 30,
   >   "method": "eth_unsubscribe",
   >   "params": [
   >     "0x1"
   >   ]
   > }
[2019/10/02 12:48:19.597] - eth_unsubscribe
[2019/10/02 12:48:19.598] -    > {
   >   "jsonrpc": "2.0",
   >   "id": 31,
   >   "method": "eth_unsubscribe",
   >   "params": [
   >     "0x2"
   >   ]
   > }
[2019/10/02 12:48:19.599] -  <   {
 <     "id": 30,
 <     "jsonrpc": "2.0",
 <     "result": true
 <   }
[2019/10/02 12:48:19.603] -    > {
   >   "jsonrpc": "2.0",
   >   "method": "eth_unsubscribe",
   >   "params": [
   >     "0x2"
   >   ],
   >   "id": 1570000699602
   > }
[2019/10/02 12:48:19.604] -  <   {
 <     "id": 31,
 <     "jsonrpc": "2.0",
 <     "result": true
 <   }
[2019/10/02 12:48:19.608] -  <   {
 <     "id": 1570000699602,
 <     "jsonrpc": "2.0",
 <     "error": {
 <       "message": "Subscription ID 0x2 not found.",
 <       "code": -32000,
 <       "data": {
 <         "stack": "Error: Subscription ID 0x2 not found.\n    at SubscriptionSubprovider.eth_unsubscribe (/tmp/.mount_ganachuchmK4/resources/app.asar/node_modules/ganache-core/node_modules/web3-provider-engine/subproviders/subscriptions.js:78:8)\n    at SubscriptionSubprovider.handleRequest (/tmp/.mount_ganachuchmK4/resources/app.asar/node_modules/ganache-core/node_modules/web3-provider-engine/subproviders/subscriptions.js:134:12)\n    at next (/tmp/.mount_ganachuchmK4/resources/app.asar/node_modules/ganache-core/node_modules/web3-provider-engine/index.js:136:18)\n    at DelayedBlockFilter.handleRequest (/tmp/.mount_ganachuchmK4/resources/app.asar/node_modules/ganache-core/lib/subproviders/delayedblockfilter.js:31:3)\n    at next (/tmp/.mount_ganachuchmK4/resources/app.asar/node_modules/ganache-core/node_modules/web3-provider-engine/index.js:136:18)\n    at RequestFunnel.handleRequest (/tmp/.mount_ganachuchmK4/resources/app.asar/node_modules/ganache-core/lib/subproviders/requestfunnel.js:32:12)\n    at next (/tmp/.mount_ganachuchmK4/resources/app.asar/node_modules/ganache-core/node_modules/web3-provider-engine/index.js:136:18)\n    at Web3ProviderEngine._handleAsync (/tmp/.mount_ganachuchmK4/resources/app.asar/node_modules/ganache-core/node_modules/web3-provider-engine/index.js:123:3)\n    at Timeout._onTimeout (/tmp/.mount_ganachuchmK4/resources/app.asar/node_modules/ganache-core/node_modules/web3-provider-engine/index.js:107:12)\n    at ontimeout (timers.js:469:11)\n    at tryOnTimeout (timers.js:304:5)\n    at Timer.listOnTimeout (timers.js:264:5)",
 <         "name": "Error"
 <       }
 <     }
 <   }
[2019/10/02 12:48:20.163] - Warning: stopMining called when miner was already stopped
