[2019/10/02 10:16:02.361] - Starting server (version 2.1.1) with initial configuration: {"gasLimit":8000000,"gasPrice":20000000000,"hardfork":"petersburg","db_path":"/home/balajipachai/.config/Ganache/workspaces/damp-show/chaindata","default_balance_ether":100,"hostname":"127.0.0.1","locked":false,"network_id":5777,"port":7545,"total_accounts":25,"unlocked_accounts":[],"verbose":true,"vmErrorsOnRPCResponse":true,"logDirectory":"/home/balajipachai/Desktop/learning/smart-contract-for-fun/truffle/logs"}
[2019/10/02 10:16:02.752] - eth_getCode
[2019/10/02 10:16:02.753] -    > {
   >   "jsonrpc": "2.0",
   >   "id": 9,
   >   "method": "eth_getCode",
   >   "params": [
   >     "0xf80c14044ee64efdc26319add4a7f8203c1b6a8a",
   >     "latest"
   >   ]
   > }
[2019/10/02 10:16:02.753] - eth_subscribe
[2019/10/02 10:16:02.753] -    > {
   >   "jsonrpc": "2.0",
   >   "id": 6,
   >   "method": "eth_subscribe",
   >   "params": [
   >     "newHeads"
   >   ]
   > }
[2019/10/02 10:16:02.753] - eth_getLogs
[2019/10/02 10:16:02.754] -    > {
   >   "jsonrpc": "2.0",
   >   "id": 7,
   >   "method": "eth_getLogs",
   >   "params": [
   >     {
   >       "topics": []
   >     }
   >   ]
   > }
[2019/10/02 10:16:02.755] - eth_subscribe
[2019/10/02 10:16:02.755] -    > {
   >   "jsonrpc": "2.0",
   >   "id": 8,
   >   "method": "eth_subscribe",
   >   "params": [
   >     "logs",
   >     {
   >       "topics": []
   >     }
   >   ]
   > }
[2019/10/02 10:16:02.757] -  <   {
 <     "id": 9,
 <     "jsonrpc": "2.0",
 <     "result": "0x"
 <   }
[2019/10/02 10:16:02.758] -  <   {
 <     "id": 6,
 <     "jsonrpc": "2.0",
 <     "result": "0x1"
 <   }
[2019/10/02 10:16:02.760] -  <   {
 <     "id": 7,
 <     "jsonrpc": "2.0",
 <     "result": []
 <   }
[2019/10/02 10:16:02.762] -  <   {
 <     "id": 8,
 <     "jsonrpc": "2.0",
 <     "result": "0x2"
 <   }
[2019/10/02 10:16:02.763] - eth_getCode
[2019/10/02 10:16:02.763] -    > {
   >   "jsonrpc": "2.0",
   >   "id": 10,
   >   "method": "eth_getCode",
   >   "params": [
   >     "0xcc07ffe0bc6f10c2a046ef99b99085c3cb1327a9",
   >     "latest"
   >   ]
   > }
[2019/10/02 10:16:02.766] -  <   {
 <     "id": 10,
 <     "jsonrpc": "2.0",
 <     "result": "0x"
 <   }
[2019/10/02 10:16:02.769] - eth_getCode
[2019/10/02 10:16:02.769] -    > {
   >   "jsonrpc": "2.0",
   >   "id": 11,
   >   "method": "eth_getCode",
   >   "params": [
   >     "0x9133e8adf4c31f1ede442c90459957510ed06969",
   >     "latest"
   >   ]
   > }
[2019/10/02 10:16:02.771] -  <   {
 <     "id": 11,
 <     "jsonrpc": "2.0",
 <     "result": "0x"
 <   }
[2019/10/02 10:16:02.773] - eth_getCode
[2019/10/02 10:16:02.773] -    > {
   >   "jsonrpc": "2.0",
   >   "id": 12,
   >   "method": "eth_getCode",
   >   "params": [
   >     "0xbd603d7afdf038d43cc10ff88af0906ae385e145",
   >     "latest"
   >   ]
   > }
[2019/10/02 10:16:02.776] -  <   {
 <     "id": 12,
 <     "jsonrpc": "2.0",
 <     "result": "0x"
 <   }
[2019/10/02 10:16:02.783] - eth_getCode
[2019/10/02 10:16:02.784] -    > {
   >   "jsonrpc": "2.0",
   >   "id": 13,
   >   "method": "eth_getCode",
   >   "params": [
   >     "0xa555c622cf31fce0d35e0333a64ae171a8457920",
   >     "latest"
   >   ]
   > }
[2019/10/02 10:16:02.786] -  <   {
 <     "id": 13,
 <     "jsonrpc": "2.0",
 <     "result": "0x"
 <   }
[2019/10/02 10:16:02.791] - eth_getCode
[2019/10/02 10:16:02.791] -    > {
   >   "jsonrpc": "2.0",
   >   "id": 14,
   >   "method": "eth_getCode",
   >   "params": [
   >     "0xe83a3d8ff2759833bd9c7fe12ef56b07b772b6bd",
   >     "latest"
   >   ]
   > }
[2019/10/02 10:16:02.794] -  <   {
 <     "id": 14,
 <     "jsonrpc": "2.0",
 <     "result": "0x"
 <   }
[2019/10/02 10:16:02.795] - eth_getCode
[2019/10/02 10:16:02.796] -    > {
   >   "jsonrpc": "2.0",
   >   "id": 15,
   >   "method": "eth_getCode",
   >   "params": [
   >     "0xeee119cef0eebcc50620ec10334848878b5787ad",
   >     "latest"
   >   ]
   > }
[2019/10/02 10:16:02.798] -  <   {
 <     "id": 15,
 <     "jsonrpc": "2.0",
 <     "result": "0x"
 <   }
[2019/10/02 10:16:02.799] - eth_getCode
[2019/10/02 10:16:02.800] -    > {
   >   "jsonrpc": "2.0",
   >   "id": 16,
   >   "method": "eth_getCode",
   >   "params": [
   >     "0xbb049f19aef5189e539953f21d5fdacfb3156175",
   >     "latest"
   >   ]
   > }
[2019/10/02 10:16:02.802] -  <   {
 <     "id": 16,
 <     "jsonrpc": "2.0",
 <     "result": "0x"
 <   }
[2019/10/02 10:16:03.333] - eth_blockNumber
[2019/10/02 10:16:03.333] -    > {
   >   "jsonrpc": "2.0",
   >   "id": 47,
   >   "method": "eth_blockNumber",
   >   "params": [],
   >   "internal": true
   > }
[2019/10/02 10:16:03.333] - eth_accounts
[2019/10/02 10:16:03.333] -    > {
   >   "jsonrpc": "2.0",
   >   "id": 48,
   >   "method": "eth_accounts",
   >   "params": [],
   >   "internal": true
   > }
[2019/10/02 10:16:03.334] - eth_gasPrice
[2019/10/02 10:16:03.334] -    > {
   >   "jsonrpc": "2.0",
   >   "id": 49,
   >   "method": "eth_gasPrice",
   >   "params": [],
   >   "internal": true
   > }
[2019/10/02 10:16:03.334] -  <   {
 <     "id": 47,
 <     "jsonrpc": "2.0",
 <     "result": "0x0"
 <   }
[2019/10/02 10:16:03.334] - eth_getBlockByNumber
[2019/10/02 10:16:03.334] -    > {
   >   "jsonrpc": "2.0",
   >   "id": 50,
   >   "method": "eth_getBlockByNumber",
   >   "params": [
   >     "latest",
   >     false
   >   ],
   >   "internal": true
   > }
[2019/10/02 10:16:03.334] - eth_subscribe
[2019/10/02 10:16:03.335] -    > {
   >   "jsonrpc": "2.0",
   >   "id": 51,
   >   "method": "eth_subscribe",
   >   "params": [
   >     "newHeads"
   >   ],
   >   "internal": true
   > }
[2019/10/02 10:16:03.337] -  <   {
 <     "id": 48,
 <     "jsonrpc": "2.0",
 <     "result": [
 <       "0x9bd75786b24ceea658c63d1b7c03b855c8a69b61",
 <       "0xd56336105035bd22275ba398c8169f5498565516",
 <       "0x21a867663320f521e721f4800a96506ab6cb3f52",
 <       "0x66c200aa4c11fe82025f834e9ac0e89be4474087",
 <       "0x1b2cba36955aa7f85c54ac80f640a5fbb8bf0396",
 <       "0x7c20a55ddfa8db7607aa4f98c9976476e2ada395",
 <       "0xcee3265155c2a701eb8d4c4baf939777b5fcaca7",
 <       "0xc89f3275b1678efc3b9a5764e174afb74dcee8e2",
 <       "0x0ed48e0d9f9be3822c99d7898d9ba388e5596815",
 <       "0xf4cbecc81a4e7d7f3da583c4cd292a59c6e82e3a",
 <       "0xed5f9780434f22b20fc937833a8f614b4b2c535b",
 <       "0xa2f7546b1bfc4d94291463308f95f49586033573",
 <       "0xd6ac0c8527a22e9a96f38c46c7610aa1b3c18c6d",
 <       "0x20bb65b5faed375bfaf83846f3b87ad980f76362",
 <       "0x0f3f074346144d92354d37bbae97cf56d52de51c",
 <       "0xf7b0480508ec4d29da11edd10987ca4093e0dda4",
 <       "0xcb15ddbf0637c432042a0865520a5f8c2a09a054",
 <       "0x98a5ec87b65b2bca136576d0fa62b1a264d17d4b",
 <       "0xaa1244f318dc5372fc392be02c92ca408c69cda8",
 <       "0x8a6d7a1d041e2738f48fc0e21d4fb00c6d8b3bf0",
 <       "0xd8d91f6f7bcb96d1faf117b00980bd5f79b888e3",
 <       "0xc3e330810a52ba2a13279c30b9a1815be2ab096a",
 <       "0x950e297fb61e2c484dbb31e041a56d4a6aaa57bd",
 <       "0x344317159ed963f5b34d8420db6b4c475e3e07fa",
 <       "0x3187156885958fd74fbdfcfa96478685257feb35"
 <     ]
 <   }
[2019/10/02 10:16:03.338] -  <   {
 <     "id": 49,
 <     "jsonrpc": "2.0",
 <     "result": "0x4a817c800"
 <   }
[2019/10/02 10:16:03.340] -  <   {
 <     "id": 50,
 <     "jsonrpc": "2.0",
 <     "result": {
 <       "number": "0x0",
 <       "hash": "0xcef591744f723bbe32b1c57a5598e446f62caebf4eb7adc58a7dd19c9737d036",
 <       "parentHash": "0x0000000000000000000000000000000000000000000000000000000000000000",
 <       "mixHash": "0x0000000000000000000000000000000000000000000000000000000000000000",
 <       "nonce": "0x0000000000000000",
 <       "sha3Uncles": "0x1dcc4de8dec75d7aab85b567b6ccd41ad312451b948a7413f0a142fd40d49347",
 <       "logsBloom": "0x00000000000000000000000000000000000000000000000000000000000000000000000000000000000000000000000000000000000000000000000000000000000000000000000000000000000000000000000000000000000000000000000000000000000000000000000000000000000000000000000000000000000000000000000000000000000000000000000000000000000000000000000000000000000000000000000000000000000000000000000000000000000000000000000000000000000000000000000000000000000000000000000000000000000000000000000000000000000000000000000000000000000000000000000000000000",
 <       "transactionsRoot": "0x56e81f171bcc55a6ff8345e692c0f86e5b48e01b996cadc001622fb5e363b421",
 <       "stateRoot": "0xa8079b764250428bfd0094104939185fba8e33d06b93b8b2e56a977a7afc8469",
 <       "receiptsRoot": "0x56e81f171bcc55a6ff8345e692c0f86e5b48e01b996cadc001622fb5e363b421",
 <       "miner": "0x0000000000000000000000000000000000000000",
 <       "difficulty": "0x0",
 <       "totalDifficulty": "0x0",
 <       "extraData": "0x",
 <       "size": "0x3e8",
 <       "gasLimit": "0x7a1200",
 <       "gasUsed": "0x0",
 <       "timestamp": "0x5d942b8a",
 <       "transactions": [],
 <       "uncles": []
 <     }
 <   }
[2019/10/02 10:16:03.342] -  <   {
 <     "id": 51,
 <     "jsonrpc": "2.0",
 <     "result": "0x3"
 <   }
[2019/10/02 10:16:03.517] - eth_accounts
[2019/10/02 10:16:03.518] -    > {
   >   "jsonrpc": "2.0",
   >   "id": 52,
   >   "method": "eth_accounts",
   >   "params": [],
   >   "internal": true
   > }
[2019/10/02 10:16:03.519] -  <   {
 <     "id": 52,
 <     "jsonrpc": "2.0",
 <     "result": [
 <       "0x9bd75786b24ceea658c63d1b7c03b855c8a69b61",
 <       "0xd56336105035bd22275ba398c8169f5498565516",
 <       "0x21a867663320f521e721f4800a96506ab6cb3f52",
 <       "0x66c200aa4c11fe82025f834e9ac0e89be4474087",
 <       "0x1b2cba36955aa7f85c54ac80f640a5fbb8bf0396",
 <       "0x7c20a55ddfa8db7607aa4f98c9976476e2ada395",
 <       "0xcee3265155c2a701eb8d4c4baf939777b5fcaca7",
 <       "0xc89f3275b1678efc3b9a5764e174afb74dcee8e2",
 <       "0x0ed48e0d9f9be3822c99d7898d9ba388e5596815",
 <       "0xf4cbecc81a4e7d7f3da583c4cd292a59c6e82e3a",
 <       "0xed5f9780434f22b20fc937833a8f614b4b2c535b",
 <       "0xa2f7546b1bfc4d94291463308f95f49586033573",
 <       "0xd6ac0c8527a22e9a96f38c46c7610aa1b3c18c6d",
 <       "0x20bb65b5faed375bfaf83846f3b87ad980f76362",
 <       "0x0f3f074346144d92354d37bbae97cf56d52de51c",
 <       "0xf7b0480508ec4d29da11edd10987ca4093e0dda4",
 <       "0xcb15ddbf0637c432042a0865520a5f8c2a09a054",
 <       "0x98a5ec87b65b2bca136576d0fa62b1a264d17d4b",
 <       "0xaa1244f318dc5372fc392be02c92ca408c69cda8",
 <       "0x8a6d7a1d041e2738f48fc0e21d4fb00c6d8b3bf0",
 <       "0xd8d91f6f7bcb96d1faf117b00980bd5f79b888e3",
 <       "0xc3e330810a52ba2a13279c30b9a1815be2ab096a",
 <       "0x950e297fb61e2c484dbb31e041a56d4a6aaa57bd",
 <       "0x344317159ed963f5b34d8420db6b4c475e3e07fa",
 <       "0x3187156885958fd74fbdfcfa96478685257feb35"
 <     ]
 <   }
[2019/10/02 10:16:03.677] - eth_getBalance
[2019/10/02 10:16:03.677] -    > {
   >   "jsonrpc": "2.0",
   >   "id": 53,
   >   "method": "eth_getBalance",
   >   "params": [
   >     "0x9bd75786b24ceea658c63d1b7c03b855c8a69b61",
   >     "latest"
   >   ],
   >   "internal": true
   > }
[2019/10/02 10:16:03.680] -  <   {
 <     "id": 53,
 <     "jsonrpc": "2.0",
 <     "result": "0x56bc75e2d63100000"
 <   }
[2019/10/02 10:16:03.711] - eth_getTransactionCount
[2019/10/02 10:16:03.711] -    > {
   >   "jsonrpc": "2.0",
   >   "id": 54,
   >   "method": "eth_getTransactionCount",
   >   "params": [
   >     "0x9bd75786b24ceea658c63d1b7c03b855c8a69b61",
   >     "latest"
   >   ],
   >   "internal": true
   > }
[2019/10/02 10:16:03.713] -  <   {
 <     "id": 54,
 <     "jsonrpc": "2.0",
 <     "result": "0x0"
 <   }
[2019/10/02 10:16:03.747] - eth_getBalance
[2019/10/02 10:16:03.747] -    > {
   >   "jsonrpc": "2.0",
   >   "id": 55,
   >   "method": "eth_getBalance",
   >   "params": [
   >     "0xd56336105035bd22275ba398c8169f5498565516",
   >     "latest"
   >   ],
   >   "internal": true
   > }
[2019/10/02 10:16:03.749] -  <   {
 <     "id": 55,
 <     "jsonrpc": "2.0",
 <     "result": "0x56bc75e2d63100000"
 <   }
[2019/10/02 10:16:03.784] - eth_getTransactionCount
[2019/10/02 10:16:03.784] -    > {
   >   "jsonrpc": "2.0",
   >   "id": 56,
   >   "method": "eth_getTransactionCount",
   >   "params": [
   >     "0xd56336105035bd22275ba398c8169f5498565516",
   >     "latest"
   >   ],
   >   "internal": true
   > }
[2019/10/02 10:16:03.786] -  <   {
 <     "id": 56,
 <     "jsonrpc": "2.0",
 <     "result": "0x0"
 <   }
[2019/10/02 10:16:03.819] - eth_getBalance
[2019/10/02 10:16:03.819] -    > {
   >   "jsonrpc": "2.0",
   >   "id": 57,
   >   "method": "eth_getBalance",
   >   "params": [
   >     "0x21a867663320f521e721f4800a96506ab6cb3f52",
   >     "latest"
   >   ],
   >   "internal": true
   > }
[2019/10/02 10:16:03.821] -  <   {
 <     "id": 57,
 <     "jsonrpc": "2.0",
 <     "result": "0x56bc75e2d63100000"
 <   }
[2019/10/02 10:16:03.852] - eth_getTransactionCount
[2019/10/02 10:16:03.853] -    > {
   >   "jsonrpc": "2.0",
   >   "id": 58,
   >   "method": "eth_getTransactionCount",
   >   "params": [
   >     "0x21a867663320f521e721f4800a96506ab6cb3f52",
   >     "latest"
   >   ],
   >   "internal": true
   > }
[2019/10/02 10:16:03.854] -  <   {
 <     "id": 58,
 <     "jsonrpc": "2.0",
 <     "result": "0x0"
 <   }
[2019/10/02 10:16:03.888] - eth_getBalance
[2019/10/02 10:16:03.888] -    > {
   >   "jsonrpc": "2.0",
   >   "id": 59,
   >   "method": "eth_getBalance",
   >   "params": [
   >     "0x66c200aa4c11fe82025f834e9ac0e89be4474087",
   >     "latest"
   >   ],
   >   "internal": true
   > }
[2019/10/02 10:16:03.890] -  <   {
 <     "id": 59,
 <     "jsonrpc": "2.0",
 <     "result": "0x56bc75e2d63100000"
 <   }
[2019/10/02 10:16:03.921] - eth_getTransactionCount
[2019/10/02 10:16:03.921] -    > {
   >   "jsonrpc": "2.0",
   >   "id": 60,
   >   "method": "eth_getTransactionCount",
   >   "params": [
   >     "0x66c200aa4c11fe82025f834e9ac0e89be4474087",
   >     "latest"
   >   ],
   >   "internal": true
   > }
[2019/10/02 10:16:03.924] -  <   {
 <     "id": 60,
 <     "jsonrpc": "2.0",
 <     "result": "0x0"
 <   }
[2019/10/02 10:16:03.965] - eth_getBalance
[2019/10/02 10:16:03.965] -    > {
   >   "jsonrpc": "2.0",
   >   "id": 61,
   >   "method": "eth_getBalance",
   >   "params": [
   >     "0x1b2cba36955aa7f85c54ac80f640a5fbb8bf0396",
   >     "latest"
   >   ],
   >   "internal": true
   > }
[2019/10/02 10:16:03.967] -  <   {
 <     "id": 61,
 <     "jsonrpc": "2.0",
 <     "result": "0x56bc75e2d63100000"
 <   }
[2019/10/02 10:16:03.998] - eth_getTransactionCount
[2019/10/02 10:16:03.998] -    > {
   >   "jsonrpc": "2.0",
   >   "id": 62,
   >   "method": "eth_getTransactionCount",
   >   "params": [
   >     "0x1b2cba36955aa7f85c54ac80f640a5fbb8bf0396",
   >     "latest"
   >   ],
   >   "internal": true
   > }
[2019/10/02 10:16:04.001] -  <   {
 <     "id": 62,
 <     "jsonrpc": "2.0",
 <     "result": "0x0"
 <   }
[2019/10/02 10:16:04.031] - eth_getBalance
[2019/10/02 10:16:04.032] -    > {
   >   "jsonrpc": "2.0",
   >   "id": 63,
   >   "method": "eth_getBalance",
   >   "params": [
   >     "0x7c20a55ddfa8db7607aa4f98c9976476e2ada395",
   >     "latest"
   >   ],
   >   "internal": true
   > }
[2019/10/02 10:16:04.034] -  <   {
 <     "id": 63,
 <     "jsonrpc": "2.0",
 <     "result": "0x56bc75e2d63100000"
 <   }
[2019/10/02 10:16:04.063] - eth_getTransactionCount
[2019/10/02 10:16:04.063] -    > {
   >   "jsonrpc": "2.0",
   >   "id": 64,
   >   "method": "eth_getTransactionCount",
   >   "params": [
   >     "0x7c20a55ddfa8db7607aa4f98c9976476e2ada395",
   >     "latest"
   >   ],
   >   "internal": true
   > }
[2019/10/02 10:16:04.065] -  <   {
 <     "id": 64,
 <     "jsonrpc": "2.0",
 <     "result": "0x0"
 <   }
[2019/10/02 10:16:04.104] - eth_getBalance
[2019/10/02 10:16:04.104] -    > {
   >   "jsonrpc": "2.0",
   >   "id": 65,
   >   "method": "eth_getBalance",
   >   "params": [
   >     "0xcee3265155c2a701eb8d4c4baf939777b5fcaca7",
   >     "latest"
   >   ],
   >   "internal": true
   > }
[2019/10/02 10:16:04.107] -  <   {
 <     "id": 65,
 <     "jsonrpc": "2.0",
 <     "result": "0x56bc75e2d63100000"
 <   }
[2019/10/02 10:16:04.145] - eth_getTransactionCount
[2019/10/02 10:16:04.145] -    > {
   >   "jsonrpc": "2.0",
   >   "id": 66,
   >   "method": "eth_getTransactionCount",
   >   "params": [
   >     "0xcee3265155c2a701eb8d4c4baf939777b5fcaca7",
   >     "latest"
   >   ],
   >   "internal": true
   > }
[2019/10/02 10:16:04.147] -  <   {
 <     "id": 66,
 <     "jsonrpc": "2.0",
 <     "result": "0x0"
 <   }
[2019/10/02 10:16:04.178] - eth_getBalance
[2019/10/02 10:16:04.179] -    > {
   >   "jsonrpc": "2.0",
   >   "id": 67,
   >   "method": "eth_getBalance",
   >   "params": [
   >     "0xc89f3275b1678efc3b9a5764e174afb74dcee8e2",
   >     "latest"
   >   ],
   >   "internal": true
   > }
[2019/10/02 10:16:04.181] -  <   {
 <     "id": 67,
 <     "jsonrpc": "2.0",
 <     "result": "0x56bc75e2d63100000"
 <   }
[2019/10/02 10:16:04.223] - eth_getTransactionCount
[2019/10/02 10:16:04.223] -    > {
   >   "jsonrpc": "2.0",
   >   "id": 68,
   >   "method": "eth_getTransactionCount",
   >   "params": [
   >     "0xc89f3275b1678efc3b9a5764e174afb74dcee8e2",
   >     "latest"
   >   ],
   >   "internal": true
   > }
[2019/10/02 10:16:04.226] -  <   {
 <     "id": 68,
 <     "jsonrpc": "2.0",
 <     "result": "0x0"
 <   }
[2019/10/02 10:16:04.270] - eth_getBalance
[2019/10/02 10:16:04.270] -    > {
   >   "jsonrpc": "2.0",
   >   "id": 69,
   >   "method": "eth_getBalance",
   >   "params": [
   >     "0x0ed48e0d9f9be3822c99d7898d9ba388e5596815",
   >     "latest"
   >   ],
   >   "internal": true
   > }
[2019/10/02 10:16:04.272] -  <   {
 <     "id": 69,
 <     "jsonrpc": "2.0",
 <     "result": "0x56bc75e2d63100000"
 <   }
[2019/10/02 10:16:04.310] - eth_getTransactionCount
[2019/10/02 10:16:04.310] -    > {
   >   "jsonrpc": "2.0",
   >   "id": 70,
   >   "method": "eth_getTransactionCount",
   >   "params": [
   >     "0x0ed48e0d9f9be3822c99d7898d9ba388e5596815",
   >     "latest"
   >   ],
   >   "internal": true
   > }
[2019/10/02 10:16:04.312] -  <   {
 <     "id": 70,
 <     "jsonrpc": "2.0",
 <     "result": "0x0"
 <   }
[2019/10/02 10:16:04.345] - eth_getBalance
[2019/10/02 10:16:04.345] -    > {
   >   "jsonrpc": "2.0",
   >   "id": 71,
   >   "method": "eth_getBalance",
   >   "params": [
   >     "0xf4cbecc81a4e7d7f3da583c4cd292a59c6e82e3a",
   >     "latest"
   >   ],
   >   "internal": true
   > }
[2019/10/02 10:16:04.347] -  <   {
 <     "id": 71,
 <     "jsonrpc": "2.0",
 <     "result": "0x56bc75e2d63100000"
 <   }
[2019/10/02 10:16:04.381] - eth_getTransactionCount
[2019/10/02 10:16:04.381] -    > {
   >   "jsonrpc": "2.0",
   >   "id": 72,
   >   "method": "eth_getTransactionCount",
   >   "params": [
   >     "0xf4cbecc81a4e7d7f3da583c4cd292a59c6e82e3a",
   >     "latest"
   >   ],
   >   "internal": true
   > }
[2019/10/02 10:16:04.383] -  <   {
 <     "id": 72,
 <     "jsonrpc": "2.0",
 <     "result": "0x0"
 <   }
[2019/10/02 10:16:04.436] - eth_getBalance
[2019/10/02 10:16:04.437] -    > {
   >   "jsonrpc": "2.0",
   >   "id": 73,
   >   "method": "eth_getBalance",
   >   "params": [
   >     "0xed5f9780434f22b20fc937833a8f614b4b2c535b",
   >     "latest"
   >   ],
   >   "internal": true
   > }
[2019/10/02 10:16:04.439] -  <   {
 <     "id": 73,
 <     "jsonrpc": "2.0",
 <     "result": "0x56bc75e2d63100000"
 <   }
[2019/10/02 10:16:04.489] - eth_getTransactionCount
[2019/10/02 10:16:04.489] -    > {
   >   "jsonrpc": "2.0",
   >   "id": 74,
   >   "method": "eth_getTransactionCount",
   >   "params": [
   >     "0xed5f9780434f22b20fc937833a8f614b4b2c535b",
   >     "latest"
   >   ],
   >   "internal": true
   > }
[2019/10/02 10:16:04.492] -  <   {
 <     "id": 74,
 <     "jsonrpc": "2.0",
 <     "result": "0x0"
 <   }
[2019/10/02 10:16:04.535] - eth_getBalance
[2019/10/02 10:16:04.535] -    > {
   >   "jsonrpc": "2.0",
   >   "id": 75,
   >   "method": "eth_getBalance",
   >   "params": [
   >     "0xa2f7546b1bfc4d94291463308f95f49586033573",
   >     "latest"
   >   ],
   >   "internal": true
   > }
[2019/10/02 10:16:04.539] -  <   {
 <     "id": 75,
 <     "jsonrpc": "2.0",
 <     "result": "0x56bc75e2d63100000"
 <   }
[2019/10/02 10:16:04.586] - eth_getTransactionCount
[2019/10/02 10:16:04.587] -    > {
   >   "jsonrpc": "2.0",
   >   "id": 76,
   >   "method": "eth_getTransactionCount",
   >   "params": [
   >     "0xa2f7546b1bfc4d94291463308f95f49586033573",
   >     "latest"
   >   ],
   >   "internal": true
   > }
[2019/10/02 10:16:04.590] -  <   {
 <     "id": 76,
 <     "jsonrpc": "2.0",
 <     "result": "0x0"
 <   }
[2019/10/02 10:16:04.737] - eth_getBalance
[2019/10/02 10:16:04.737] -    > {
   >   "jsonrpc": "2.0",
   >   "id": 77,
   >   "method": "eth_getBalance",
   >   "params": [
   >     "0xd6ac0c8527a22e9a96f38c46c7610aa1b3c18c6d",
   >     "latest"
   >   ],
   >   "internal": true
   > }
[2019/10/02 10:16:04.740] -  <   {
 <     "id": 77,
 <     "jsonrpc": "2.0",
 <     "result": "0x56bc75e2d63100000"
 <   }
[2019/10/02 10:16:04.785] - eth_getTransactionCount
[2019/10/02 10:16:04.785] -    > {
   >   "jsonrpc": "2.0",
   >   "id": 78,
   >   "method": "eth_getTransactionCount",
   >   "params": [
   >     "0xd6ac0c8527a22e9a96f38c46c7610aa1b3c18c6d",
   >     "latest"
   >   ],
   >   "internal": true
   > }
[2019/10/02 10:16:04.788] -  <   {
 <     "id": 78,
 <     "jsonrpc": "2.0",
 <     "result": "0x0"
 <   }
[2019/10/02 10:16:04.838] - eth_getBalance
[2019/10/02 10:16:04.838] -    > {
   >   "jsonrpc": "2.0",
   >   "id": 79,
   >   "method": "eth_getBalance",
   >   "params": [
   >     "0x20bb65b5faed375bfaf83846f3b87ad980f76362",
   >     "latest"
   >   ],
   >   "internal": true
   > }
[2019/10/02 10:16:04.843] -  <   {
 <     "id": 79,
 <     "jsonrpc": "2.0",
 <     "result": "0x56bc75e2d63100000"
 <   }
[2019/10/02 10:16:04.893] - eth_getTransactionCount
[2019/10/02 10:16:04.894] -    > {
   >   "jsonrpc": "2.0",
   >   "id": 80,
   >   "method": "eth_getTransactionCount",
   >   "params": [
   >     "0x20bb65b5faed375bfaf83846f3b87ad980f76362",
   >     "latest"
   >   ],
   >   "internal": true
   > }
[2019/10/02 10:16:04.900] -  <   {
 <     "id": 80,
 <     "jsonrpc": "2.0",
 <     "result": "0x0"
 <   }
[2019/10/02 10:16:04.957] - eth_getBalance
[2019/10/02 10:16:04.957] -    > {
   >   "jsonrpc": "2.0",
   >   "id": 81,
   >   "method": "eth_getBalance",
   >   "params": [
   >     "0x0f3f074346144d92354d37bbae97cf56d52de51c",
   >     "latest"
   >   ],
   >   "internal": true
   > }
[2019/10/02 10:16:04.959] -  <   {
 <     "id": 81,
 <     "jsonrpc": "2.0",
 <     "result": "0x56bc75e2d63100000"
 <   }
[2019/10/02 10:16:05.012] - eth_getTransactionCount
[2019/10/02 10:16:05.012] -    > {
   >   "jsonrpc": "2.0",
   >   "id": 82,
   >   "method": "eth_getTransactionCount",
   >   "params": [
   >     "0x0f3f074346144d92354d37bbae97cf56d52de51c",
   >     "latest"
   >   ],
   >   "internal": true
   > }
[2019/10/02 10:16:05.014] -  <   {
 <     "id": 82,
 <     "jsonrpc": "2.0",
 <     "result": "0x0"
 <   }
[2019/10/02 10:16:05.069] - eth_getBalance
[2019/10/02 10:16:05.069] -    > {
   >   "jsonrpc": "2.0",
   >   "id": 83,
   >   "method": "eth_getBalance",
   >   "params": [
   >     "0xf7b0480508ec4d29da11edd10987ca4093e0dda4",
   >     "latest"
   >   ],
   >   "internal": true
   > }
[2019/10/02 10:16:05.072] -  <   {
 <     "id": 83,
 <     "jsonrpc": "2.0",
 <     "result": "0x56bc75e2d63100000"
 <   }
[2019/10/02 10:16:05.110] - eth_getTransactionCount
[2019/10/02 10:16:05.111] -    > {
   >   "jsonrpc": "2.0",
   >   "id": 84,
   >   "method": "eth_getTransactionCount",
   >   "params": [
   >     "0xf7b0480508ec4d29da11edd10987ca4093e0dda4",
   >     "latest"
   >   ],
   >   "internal": true
   > }
[2019/10/02 10:16:05.113] -  <   {
 <     "id": 84,
 <     "jsonrpc": "2.0",
 <     "result": "0x0"
 <   }
[2019/10/02 10:16:05.153] - eth_getBalance
[2019/10/02 10:16:05.153] -    > {
   >   "jsonrpc": "2.0",
   >   "id": 85,
   >   "method": "eth_getBalance",
   >   "params": [
   >     "0xcb15ddbf0637c432042a0865520a5f8c2a09a054",
   >     "latest"
   >   ],
   >   "internal": true
   > }
[2019/10/02 10:16:05.155] -  <   {
 <     "id": 85,
 <     "jsonrpc": "2.0",
 <     "result": "0x56bc75e2d63100000"
 <   }
[2019/10/02 10:16:05.191] - eth_getTransactionCount
[2019/10/02 10:16:05.192] -    > {
   >   "jsonrpc": "2.0",
   >   "id": 86,
   >   "method": "eth_getTransactionCount",
   >   "params": [
   >     "0xcb15ddbf0637c432042a0865520a5f8c2a09a054",
   >     "latest"
   >   ],
   >   "internal": true
   > }
[2019/10/02 10:16:05.195] -  <   {
 <     "id": 86,
 <     "jsonrpc": "2.0",
 <     "result": "0x0"
 <   }
[2019/10/02 10:16:05.252] - eth_getBalance
[2019/10/02 10:16:05.253] -    > {
   >   "jsonrpc": "2.0",
   >   "id": 87,
   >   "method": "eth_getBalance",
   >   "params": [
   >     "0x98a5ec87b65b2bca136576d0fa62b1a264d17d4b",
   >     "latest"
   >   ],
   >   "internal": true
   > }
[2019/10/02 10:16:05.255] -  <   {
 <     "id": 87,
 <     "jsonrpc": "2.0",
 <     "result": "0x56bc75e2d63100000"
 <   }
[2019/10/02 10:16:05.352] - eth_getTransactionCount
[2019/10/02 10:16:05.352] -    > {
   >   "jsonrpc": "2.0",
   >   "id": 88,
   >   "method": "eth_getTransactionCount",
   >   "params": [
   >     "0x98a5ec87b65b2bca136576d0fa62b1a264d17d4b",
   >     "latest"
   >   ],
   >   "internal": true
   > }
[2019/10/02 10:16:05.355] -  <   {
 <     "id": 88,
 <     "jsonrpc": "2.0",
 <     "result": "0x0"
 <   }
[2019/10/02 10:16:05.409] - eth_getBalance
[2019/10/02 10:16:05.410] -    > {
   >   "jsonrpc": "2.0",
   >   "id": 89,
   >   "method": "eth_getBalance",
   >   "params": [
   >     "0xaa1244f318dc5372fc392be02c92ca408c69cda8",
   >     "latest"
   >   ],
   >   "internal": true
   > }
[2019/10/02 10:16:05.412] -  <   {
 <     "id": 89,
 <     "jsonrpc": "2.0",
 <     "result": "0x56bc75e2d63100000"
 <   }
[2019/10/02 10:16:05.446] - eth_getTransactionCount
[2019/10/02 10:16:05.447] -    > {
   >   "jsonrpc": "2.0",
   >   "id": 90,
   >   "method": "eth_getTransactionCount",
   >   "params": [
   >     "0xaa1244f318dc5372fc392be02c92ca408c69cda8",
   >     "latest"
   >   ],
   >   "internal": true
   > }
[2019/10/02 10:16:05.449] -  <   {
 <     "id": 90,
 <     "jsonrpc": "2.0",
 <     "result": "0x0"
 <   }
[2019/10/02 10:16:05.480] - eth_getBalance
[2019/10/02 10:16:05.481] -    > {
   >   "jsonrpc": "2.0",
   >   "id": 91,
   >   "method": "eth_getBalance",
   >   "params": [
   >     "0x8a6d7a1d041e2738f48fc0e21d4fb00c6d8b3bf0",
   >     "latest"
   >   ],
   >   "internal": true
   > }
[2019/10/02 10:16:05.484] -  <   {
 <     "id": 91,
 <     "jsonrpc": "2.0",
 <     "result": "0x56bc75e2d63100000"
 <   }
[2019/10/02 10:16:05.516] - eth_getTransactionCount
[2019/10/02 10:16:05.516] -    > {
   >   "jsonrpc": "2.0",
   >   "id": 92,
   >   "method": "eth_getTransactionCount",
   >   "params": [
   >     "0x8a6d7a1d041e2738f48fc0e21d4fb00c6d8b3bf0",
   >     "latest"
   >   ],
   >   "internal": true
   > }
[2019/10/02 10:16:05.518] -  <   {
 <     "id": 92,
 <     "jsonrpc": "2.0",
 <     "result": "0x0"
 <   }
[2019/10/02 10:16:05.551] - eth_getBalance
[2019/10/02 10:16:05.551] -    > {
   >   "jsonrpc": "2.0",
   >   "id": 93,
   >   "method": "eth_getBalance",
   >   "params": [
   >     "0xd8d91f6f7bcb96d1faf117b00980bd5f79b888e3",
   >     "latest"
   >   ],
   >   "internal": true
   > }
[2019/10/02 10:16:05.554] -  <   {
 <     "id": 93,
 <     "jsonrpc": "2.0",
 <     "result": "0x56bc75e2d63100000"
 <   }
[2019/10/02 10:16:05.585] - eth_getTransactionCount
[2019/10/02 10:16:05.585] -    > {
   >   "jsonrpc": "2.0",
   >   "id": 94,
   >   "method": "eth_getTransactionCount",
   >   "params": [
   >     "0xd8d91f6f7bcb96d1faf117b00980bd5f79b888e3",
   >     "latest"
   >   ],
   >   "internal": true
   > }
[2019/10/02 10:16:05.588] -  <   {
 <     "id": 94,
 <     "jsonrpc": "2.0",
 <     "result": "0x0"
 <   }
[2019/10/02 10:16:05.620] - eth_getBalance
[2019/10/02 10:16:05.620] -    > {
   >   "jsonrpc": "2.0",
   >   "id": 95,
   >   "method": "eth_getBalance",
   >   "params": [
   >     "0xc3e330810a52ba2a13279c30b9a1815be2ab096a",
   >     "latest"
   >   ],
   >   "internal": true
   > }
[2019/10/02 10:16:05.622] -  <   {
 <     "id": 95,
 <     "jsonrpc": "2.0",
 <     "result": "0x56bc75e2d63100000"
 <   }
[2019/10/02 10:16:05.654] - eth_getTransactionCount
[2019/10/02 10:16:05.654] -    > {
   >   "jsonrpc": "2.0",
   >   "id": 96,
   >   "method": "eth_getTransactionCount",
   >   "params": [
   >     "0xc3e330810a52ba2a13279c30b9a1815be2ab096a",
   >     "latest"
   >   ],
   >   "internal": true
   > }
[2019/10/02 10:16:05.656] -  <   {
 <     "id": 96,
 <     "jsonrpc": "2.0",
 <     "result": "0x0"
 <   }
[2019/10/02 10:16:05.688] - eth_getBalance
[2019/10/02 10:16:05.688] -    > {
   >   "jsonrpc": "2.0",
   >   "id": 97,
   >   "method": "eth_getBalance",
   >   "params": [
   >     "0x950e297fb61e2c484dbb31e041a56d4a6aaa57bd",
   >     "latest"
   >   ],
   >   "internal": true
   > }
[2019/10/02 10:16:05.690] -  <   {
 <     "id": 97,
 <     "jsonrpc": "2.0",
 <     "result": "0x56bc75e2d63100000"
 <   }
[2019/10/02 10:16:05.724] - eth_getTransactionCount
[2019/10/02 10:16:05.724] -    > {
   >   "jsonrpc": "2.0",
   >   "id": 98,
   >   "method": "eth_getTransactionCount",
   >   "params": [
   >     "0x950e297fb61e2c484dbb31e041a56d4a6aaa57bd",
   >     "latest"
   >   ],
   >   "internal": true
   > }
[2019/10/02 10:16:05.726] -  <   {
 <     "id": 98,
 <     "jsonrpc": "2.0",
 <     "result": "0x0"
 <   }
[2019/10/02 10:16:05.758] - eth_getBalance
[2019/10/02 10:16:05.758] -    > {
   >   "jsonrpc": "2.0",
   >   "id": 99,
   >   "method": "eth_getBalance",
   >   "params": [
   >     "0x344317159ed963f5b34d8420db6b4c475e3e07fa",
   >     "latest"
   >   ],
   >   "internal": true
   > }
[2019/10/02 10:16:05.761] -  <   {
 <     "id": 99,
 <     "jsonrpc": "2.0",
 <     "result": "0x56bc75e2d63100000"
 <   }
[2019/10/02 10:16:05.793] - eth_getTransactionCount
[2019/10/02 10:16:05.793] -    > {
   >   "jsonrpc": "2.0",
   >   "id": 100,
   >   "method": "eth_getTransactionCount",
   >   "params": [
   >     "0x344317159ed963f5b34d8420db6b4c475e3e07fa",
   >     "latest"
   >   ],
   >   "internal": true
   > }
[2019/10/02 10:16:05.795] -  <   {
 <     "id": 100,
 <     "jsonrpc": "2.0",
 <     "result": "0x0"
 <   }
[2019/10/02 10:16:05.834] - eth_getBalance
[2019/10/02 10:16:05.834] -    > {
   >   "jsonrpc": "2.0",
   >   "id": 101,
   >   "method": "eth_getBalance",
   >   "params": [
   >     "0x3187156885958fd74fbdfcfa96478685257feb35",
   >     "latest"
   >   ],
   >   "internal": true
   > }
[2019/10/02 10:16:05.836] -  <   {
 <     "id": 101,
 <     "jsonrpc": "2.0",
 <     "result": "0x56bc75e2d63100000"
 <   }
[2019/10/02 10:16:05.869] - eth_getTransactionCount
[2019/10/02 10:16:05.869] -    > {
   >   "jsonrpc": "2.0",
   >   "id": 102,
   >   "method": "eth_getTransactionCount",
   >   "params": [
   >     "0x3187156885958fd74fbdfcfa96478685257feb35",
   >     "latest"
   >   ],
   >   "internal": true
   > }
[2019/10/02 10:16:05.871] -  <   {
 <     "id": 102,
 <     "jsonrpc": "2.0",
 <     "result": "0x0"
 <   }
[2019/10/02 10:16:06.287] - eth_getBalance
[2019/10/02 10:16:06.287] -    > {
   >   "jsonrpc": "2.0",
   >   "id": 103,
   >   "method": "eth_getBalance",
   >   "params": [
   >     "0x9bd75786b24ceea658c63d1b7c03b855c8a69b61",
   >     "latest"
   >   ],
   >   "internal": true
   > }
[2019/10/02 10:16:06.289] -  <   {
 <     "id": 103,
 <     "jsonrpc": "2.0",
 <     "result": "0x56bc75e2d63100000"
 <   }
[2019/10/02 10:16:06.321] - eth_getTransactionCount
[2019/10/02 10:16:06.321] -    > {
   >   "jsonrpc": "2.0",
   >   "id": 104,
   >   "method": "eth_getTransactionCount",
   >   "params": [
   >     "0x9bd75786b24ceea658c63d1b7c03b855c8a69b61",
   >     "latest"
   >   ],
   >   "internal": true
   > }
[2019/10/02 10:16:06.323] -  <   {
 <     "id": 104,
 <     "jsonrpc": "2.0",
 <     "result": "0x0"
 <   }
[2019/10/02 10:16:06.363] - eth_getBalance
[2019/10/02 10:16:06.364] -    > {
   >   "jsonrpc": "2.0",
   >   "id": 105,
   >   "method": "eth_getBalance",
   >   "params": [
   >     "0xd56336105035bd22275ba398c8169f5498565516",
   >     "latest"
   >   ],
   >   "internal": true
   > }
[2019/10/02 10:16:06.365] -  <   {
 <     "id": 105,
 <     "jsonrpc": "2.0",
 <     "result": "0x56bc75e2d63100000"
 <   }
[2019/10/02 10:16:06.397] - eth_getTransactionCount
[2019/10/02 10:16:07.056] -    > {
   >   "jsonrpc": "2.0",
   >   "id": 106,
   >   "method": "eth_getTransactionCount",
   >   "params": [
   >     "0xd56336105035bd22275ba398c8169f5498565516",
   >     "latest"
   >   ],
   >   "internal": true
   > }
[2019/10/02 10:16:07.057] - eth_getBalance
[2019/10/02 10:16:07.057] -    > {
   >   "jsonrpc": "2.0",
   >   "id": 107,
   >   "method": "eth_getBalance",
   >   "params": [
   >     "0x21a867663320f521e721f4800a96506ab6cb3f52",
   >     "latest"
   >   ],
   >   "internal": true
   > }
[2019/10/02 10:16:07.057] - eth_getTransactionCount
[2019/10/02 10:16:07.057] -    > {
   >   "jsonrpc": "2.0",
   >   "id": 108,
   >   "method": "eth_getTransactionCount",
   >   "params": [
   >     "0x21a867663320f521e721f4800a96506ab6cb3f52",
   >     "latest"
   >   ],
   >   "internal": true
   > }
[2019/10/02 10:16:07.058] -  <   {
 <     "id": 106,
 <     "jsonrpc": "2.0",
 <     "result": "0x0"
 <   }
[2019/10/02 10:16:07.059] - eth_getBalance
[2019/10/02 10:16:07.059] -    > {
   >   "jsonrpc": "2.0",
   >   "id": 109,
   >   "method": "eth_getBalance",
   >   "params": [
   >     "0x66c200aa4c11fe82025f834e9ac0e89be4474087",
   >     "latest"
   >   ],
   >   "internal": true
   > }
[2019/10/02 10:16:07.060] - eth_getTransactionCount
[2019/10/02 10:16:07.060] -    > {
   >   "jsonrpc": "2.0",
   >   "id": 110,
   >   "method": "eth_getTransactionCount",
   >   "params": [
   >     "0x66c200aa4c11fe82025f834e9ac0e89be4474087",
   >     "latest"
   >   ],
   >   "internal": true
   > }
[2019/10/02 10:16:07.062] -  <   {
 <     "id": 107,
 <     "jsonrpc": "2.0",
 <     "result": "0x56bc75e2d63100000"
 <   }
[2019/10/02 10:16:07.063] - eth_getBalance
[2019/10/02 10:16:07.063] -    > {
   >   "jsonrpc": "2.0",
   >   "id": 111,
   >   "method": "eth_getBalance",
   >   "params": [
   >     "0x1b2cba36955aa7f85c54ac80f640a5fbb8bf0396",
   >     "latest"
   >   ],
   >   "internal": true
   > }
[2019/10/02 10:16:07.063] -  <   {
 <     "id": 108,
 <     "jsonrpc": "2.0",
 <     "result": "0x0"
 <   }
[2019/10/02 10:16:07.064] - eth_getTransactionCount
[2019/10/02 10:16:07.064] -    > {
   >   "jsonrpc": "2.0",
   >   "id": 112,
   >   "method": "eth_getTransactionCount",
   >   "params": [
   >     "0x1b2cba36955aa7f85c54ac80f640a5fbb8bf0396",
   >     "latest"
   >   ],
   >   "internal": true
   > }
[2019/10/02 10:16:07.064] - eth_getBalance
[2019/10/02 10:16:07.064] -    > {
   >   "jsonrpc": "2.0",
   >   "id": 113,
   >   "method": "eth_getBalance",
   >   "params": [
   >     "0x7c20a55ddfa8db7607aa4f98c9976476e2ada395",
   >     "latest"
   >   ],
   >   "internal": true
   > }
[2019/10/02 10:16:07.064] - eth_getTransactionCount
[2019/10/02 10:16:07.064] -    > {
   >   "jsonrpc": "2.0",
   >   "id": 114,
   >   "method": "eth_getTransactionCount",
   >   "params": [
   >     "0x7c20a55ddfa8db7607aa4f98c9976476e2ada395",
   >     "latest"
   >   ],
   >   "internal": true
   > }
[2019/10/02 10:16:07.064] - eth_getBalance
[2019/10/02 10:16:07.065] -    > {
   >   "jsonrpc": "2.0",
   >   "id": 115,
   >   "method": "eth_getBalance",
   >   "params": [
   >     "0xcee3265155c2a701eb8d4c4baf939777b5fcaca7",
   >     "latest"
   >   ],
   >   "internal": true
   > }
[2019/10/02 10:16:07.065] - eth_getTransactionCount
[2019/10/02 10:16:07.065] -    > {
   >   "jsonrpc": "2.0",
   >   "id": 116,
   >   "method": "eth_getTransactionCount",
   >   "params": [
   >     "0xcee3265155c2a701eb8d4c4baf939777b5fcaca7",
   >     "latest"
   >   ],
   >   "internal": true
   > }
[2019/10/02 10:16:07.065] -  <   {
 <     "id": 109,
 <     "jsonrpc": "2.0",
 <     "result": "0x56bc75e2d63100000"
 <   }
[2019/10/02 10:16:07.066] - eth_getBalance
[2019/10/02 10:16:07.066] -    > {
   >   "jsonrpc": "2.0",
   >   "id": 117,
   >   "method": "eth_getBalance",
   >   "params": [
   >     "0xc89f3275b1678efc3b9a5764e174afb74dcee8e2",
   >     "latest"
   >   ],
   >   "internal": true
   > }
[2019/10/02 10:16:07.066] -  <   {
 <     "id": 110,
 <     "jsonrpc": "2.0",
 <     "result": "0x0"
 <   }
[2019/10/02 10:16:07.067] - eth_getTransactionCount
[2019/10/02 10:16:07.067] -    > {
   >   "jsonrpc": "2.0",
   >   "id": 118,
   >   "method": "eth_getTransactionCount",
   >   "params": [
   >     "0xc89f3275b1678efc3b9a5764e174afb74dcee8e2",
   >     "latest"
   >   ],
   >   "internal": true
   > }
[2019/10/02 10:16:07.067] -  <   {
 <     "id": 111,
 <     "jsonrpc": "2.0",
 <     "result": "0x56bc75e2d63100000"
 <   }
[2019/10/02 10:16:07.068] - eth_getBalance
[2019/10/02 10:16:07.068] -    > {
   >   "jsonrpc": "2.0",
   >   "id": 119,
   >   "method": "eth_getBalance",
   >   "params": [
   >     "0x0ed48e0d9f9be3822c99d7898d9ba388e5596815",
   >     "latest"
   >   ],
   >   "internal": true
   > }
[2019/10/02 10:16:07.068] -  <   {
 <     "id": 112,
 <     "jsonrpc": "2.0",
 <     "result": "0x0"
 <   }
[2019/10/02 10:16:07.069] - eth_getTransactionCount
[2019/10/02 10:16:07.069] -    > {
   >   "jsonrpc": "2.0",
   >   "id": 120,
   >   "method": "eth_getTransactionCount",
   >   "params": [
   >     "0x0ed48e0d9f9be3822c99d7898d9ba388e5596815",
   >     "latest"
   >   ],
   >   "internal": true
   > }
[2019/10/02 10:16:07.069] -  <   {
 <     "id": 113,
 <     "jsonrpc": "2.0",
 <     "result": "0x56bc75e2d63100000"
 <   }
[2019/10/02 10:16:07.070] - eth_getBalance
[2019/10/02 10:16:07.070] -    > {
   >   "jsonrpc": "2.0",
   >   "id": 121,
   >   "method": "eth_getBalance",
   >   "params": [
   >     "0xf4cbecc81a4e7d7f3da583c4cd292a59c6e82e3a",
   >     "latest"
   >   ],
   >   "internal": true
   > }
[2019/10/02 10:16:07.070] -  <   {
 <     "id": 114,
 <     "jsonrpc": "2.0",
 <     "result": "0x0"
 <   }
[2019/10/02 10:16:07.071] - eth_getTransactionCount
[2019/10/02 10:16:07.071] -    > {
   >   "jsonrpc": "2.0",
   >   "id": 122,
   >   "method": "eth_getTransactionCount",
   >   "params": [
   >     "0xf4cbecc81a4e7d7f3da583c4cd292a59c6e82e3a",
   >     "latest"
   >   ],
   >   "internal": true
   > }
[2019/10/02 10:16:07.072] -  <   {
 <     "id": 115,
 <     "jsonrpc": "2.0",
 <     "result": "0x56bc75e2d63100000"
 <   }
[2019/10/02 10:16:07.073] - eth_getBalance
[2019/10/02 10:16:07.073] -    > {
   >   "jsonrpc": "2.0",
   >   "id": 123,
   >   "method": "eth_getBalance",
   >   "params": [
   >     "0xed5f9780434f22b20fc937833a8f614b4b2c535b",
   >     "latest"
   >   ],
   >   "internal": true
   > }
[2019/10/02 10:16:07.073] - eth_getTransactionCount
[2019/10/02 10:16:07.073] -    > {
   >   "jsonrpc": "2.0",
   >   "id": 124,
   >   "method": "eth_getTransactionCount",
   >   "params": [
   >     "0xed5f9780434f22b20fc937833a8f614b4b2c535b",
   >     "latest"
   >   ],
   >   "internal": true
   > }
[2019/10/02 10:16:07.073] - eth_getBalance
[2019/10/02 10:16:07.073] -    > {
   >   "jsonrpc": "2.0",
   >   "id": 125,
   >   "method": "eth_getBalance",
   >   "params": [
   >     "0xa2f7546b1bfc4d94291463308f95f49586033573",
   >     "latest"
   >   ],
   >   "internal": true
   > }
[2019/10/02 10:16:07.073] - eth_getTransactionCount
[2019/10/02 10:16:07.073] -    > {
   >   "jsonrpc": "2.0",
   >   "id": 126,
   >   "method": "eth_getTransactionCount",
   >   "params": [
   >     "0xa2f7546b1bfc4d94291463308f95f49586033573",
   >     "latest"
   >   ],
   >   "internal": true
   > }
[2019/10/02 10:16:07.075] -  <   {
 <     "id": 116,
 <     "jsonrpc": "2.0",
 <     "result": "0x0"
 <   }
[2019/10/02 10:16:07.077] -  <   {
 <     "id": 117,
 <     "jsonrpc": "2.0",
 <     "result": "0x56bc75e2d63100000"
 <   }
[2019/10/02 10:16:07.079] -  <   {
 <     "id": 118,
 <     "jsonrpc": "2.0",
 <     "result": "0x0"
 <   }
[2019/10/02 10:16:07.081] -  <   {
 <     "id": 119,
 <     "jsonrpc": "2.0",
 <     "result": "0x56bc75e2d63100000"
 <   }
[2019/10/02 10:16:07.083] -  <   {
 <     "id": 120,
 <     "jsonrpc": "2.0",
 <     "result": "0x0"
 <   }
[2019/10/02 10:16:07.085] -  <   {
 <     "id": 121,
 <     "jsonrpc": "2.0",
 <     "result": "0x56bc75e2d63100000"
 <   }
[2019/10/02 10:16:07.087] -  <   {
 <     "id": 122,
 <     "jsonrpc": "2.0",
 <     "result": "0x0"
 <   }
[2019/10/02 10:16:07.089] -  <   {
 <     "id": 123,
 <     "jsonrpc": "2.0",
 <     "result": "0x56bc75e2d63100000"
 <   }
[2019/10/02 10:16:07.091] -  <   {
 <     "id": 124,
 <     "jsonrpc": "2.0",
 <     "result": "0x0"
 <   }
[2019/10/02 10:16:07.092] -  <   {
 <     "id": 125,
 <     "jsonrpc": "2.0",
 <     "result": "0x56bc75e2d63100000"
 <   }
[2019/10/02 10:16:07.100] -  <   {
 <     "id": 126,
 <     "jsonrpc": "2.0",
 <     "result": "0x0"
 <   }
[2019/10/02 10:16:07.118] - eth_getBalance
[2019/10/02 10:16:07.118] -    > {
   >   "jsonrpc": "2.0",
   >   "id": 127,
   >   "method": "eth_getBalance",
   >   "params": [
   >     "0xd6ac0c8527a22e9a96f38c46c7610aa1b3c18c6d",
   >     "latest"
   >   ],
   >   "internal": true
   > }
[2019/10/02 10:16:07.120] -  <   {
 <     "id": 127,
 <     "jsonrpc": "2.0",
 <     "result": "0x56bc75e2d63100000"
 <   }
[2019/10/02 10:16:07.153] - eth_getTransactionCount
[2019/10/02 10:16:07.153] -    > {
   >   "jsonrpc": "2.0",
   >   "id": 128,
   >   "method": "eth_getTransactionCount",
   >   "params": [
   >     "0xd6ac0c8527a22e9a96f38c46c7610aa1b3c18c6d",
   >     "latest"
   >   ],
   >   "internal": true
   > }
[2019/10/02 10:16:07.155] -  <   {
 <     "id": 128,
 <     "jsonrpc": "2.0",
 <     "result": "0x0"
 <   }
[2019/10/02 10:16:07.187] - eth_getBalance
[2019/10/02 10:16:07.187] -    > {
   >   "jsonrpc": "2.0",
   >   "id": 129,
   >   "method": "eth_getBalance",
   >   "params": [
   >     "0x20bb65b5faed375bfaf83846f3b87ad980f76362",
   >     "latest"
   >   ],
   >   "internal": true
   > }
[2019/10/02 10:16:07.189] -  <   {
 <     "id": 129,
 <     "jsonrpc": "2.0",
 <     "result": "0x56bc75e2d63100000"
 <   }
[2019/10/02 10:16:07.224] - eth_getTransactionCount
[2019/10/02 10:16:07.224] -    > {
   >   "jsonrpc": "2.0",
   >   "id": 130,
   >   "method": "eth_getTransactionCount",
   >   "params": [
   >     "0x20bb65b5faed375bfaf83846f3b87ad980f76362",
   >     "latest"
   >   ],
   >   "internal": true
   > }
[2019/10/02 10:16:07.226] -  <   {
 <     "id": 130,
 <     "jsonrpc": "2.0",
 <     "result": "0x0"
 <   }
[2019/10/02 10:16:07.303] - eth_getBalance
[2019/10/02 10:16:07.303] -    > {
   >   "jsonrpc": "2.0",
   >   "id": 131,
   >   "method": "eth_getBalance",
   >   "params": [
   >     "0x0f3f074346144d92354d37bbae97cf56d52de51c",
   >     "latest"
   >   ],
   >   "internal": true
   > }
[2019/10/02 10:16:07.305] -  <   {
 <     "id": 131,
 <     "jsonrpc": "2.0",
 <     "result": "0x56bc75e2d63100000"
 <   }
[2019/10/02 10:16:07.336] - eth_getTransactionCount
[2019/10/02 10:16:07.336] -    > {
   >   "jsonrpc": "2.0",
   >   "id": 132,
   >   "method": "eth_getTransactionCount",
   >   "params": [
   >     "0x0f3f074346144d92354d37bbae97cf56d52de51c",
   >     "latest"
   >   ],
   >   "internal": true
   > }
[2019/10/02 10:16:07.338] -  <   {
 <     "id": 132,
 <     "jsonrpc": "2.0",
 <     "result": "0x0"
 <   }
[2019/10/02 10:16:07.374] - eth_getBalance
[2019/10/02 10:16:07.374] -    > {
   >   "jsonrpc": "2.0",
   >   "id": 133,
   >   "method": "eth_getBalance",
   >   "params": [
   >     "0xf7b0480508ec4d29da11edd10987ca4093e0dda4",
   >     "latest"
   >   ],
   >   "internal": true
   > }
[2019/10/02 10:16:07.378] -  <   {
 <     "id": 133,
 <     "jsonrpc": "2.0",
 <     "result": "0x56bc75e2d63100000"
 <   }
[2019/10/02 10:16:07.413] - eth_getTransactionCount
[2019/10/02 10:16:07.483] -    > {
   >   "jsonrpc": "2.0",
   >   "id": 134,
   >   "method": "eth_getTransactionCount",
   >   "params": [
   >     "0xf7b0480508ec4d29da11edd10987ca4093e0dda4",
   >     "latest"
   >   ],
   >   "internal": true
   > }
[2019/10/02 10:16:07.484] - eth_getBalance
[2019/10/02 10:16:07.484] -    > {
   >   "jsonrpc": "2.0",
   >   "id": 135,
   >   "method": "eth_getBalance",
   >   "params": [
   >     "0xcb15ddbf0637c432042a0865520a5f8c2a09a054",
   >     "latest"
   >   ],
   >   "internal": true
   > }
[2019/10/02 10:16:07.484] - eth_getTransactionCount
[2019/10/02 10:16:07.484] -    > {
   >   "jsonrpc": "2.0",
   >   "id": 136,
   >   "method": "eth_getTransactionCount",
   >   "params": [
   >     "0xcb15ddbf0637c432042a0865520a5f8c2a09a054",
   >     "latest"
   >   ],
   >   "internal": true
   > }
[2019/10/02 10:16:07.485] -  <   {
 <     "id": 134,
 <     "jsonrpc": "2.0",
 <     "result": "0x0"
 <   }
[2019/10/02 10:16:07.487] -  <   {
 <     "id": 135,
 <     "jsonrpc": "2.0",
 <     "result": "0x56bc75e2d63100000"
 <   }
[2019/10/02 10:16:07.489] -  <   {
 <     "id": 136,
 <     "jsonrpc": "2.0",
 <     "result": "0x0"
 <   }
[2019/10/02 10:16:07.510] - eth_getBalance
[2019/10/02 10:16:07.510] -    > {
   >   "jsonrpc": "2.0",
   >   "id": 137,
   >   "method": "eth_getBalance",
   >   "params": [
   >     "0x98a5ec87b65b2bca136576d0fa62b1a264d17d4b",
   >     "latest"
   >   ],
   >   "internal": true
   > }
[2019/10/02 10:16:07.512] -  <   {
 <     "id": 137,
 <     "jsonrpc": "2.0",
 <     "result": "0x56bc75e2d63100000"
 <   }
[2019/10/02 10:16:07.543] - eth_getTransactionCount
[2019/10/02 10:16:07.543] -    > {
   >   "jsonrpc": "2.0",
   >   "id": 138,
   >   "method": "eth_getTransactionCount",
   >   "params": [
   >     "0x98a5ec87b65b2bca136576d0fa62b1a264d17d4b",
   >     "latest"
   >   ],
   >   "internal": true
   > }
[2019/10/02 10:16:07.545] -  <   {
 <     "id": 138,
 <     "jsonrpc": "2.0",
 <     "result": "0x0"
 <   }
[2019/10/02 10:16:07.575] - eth_getBalance
[2019/10/02 10:16:07.575] -    > {
   >   "jsonrpc": "2.0",
   >   "id": 139,
   >   "method": "eth_getBalance",
   >   "params": [
   >     "0xaa1244f318dc5372fc392be02c92ca408c69cda8",
   >     "latest"
   >   ],
   >   "internal": true
   > }
[2019/10/02 10:16:07.577] -  <   {
 <     "id": 139,
 <     "jsonrpc": "2.0",
 <     "result": "0x56bc75e2d63100000"
 <   }
[2019/10/02 10:16:07.608] - eth_getTransactionCount
[2019/10/02 10:16:07.608] -    > {
   >   "jsonrpc": "2.0",
   >   "id": 140,
   >   "method": "eth_getTransactionCount",
   >   "params": [
   >     "0xaa1244f318dc5372fc392be02c92ca408c69cda8",
   >     "latest"
   >   ],
   >   "internal": true
   > }
[2019/10/02 10:16:07.610] -  <   {
 <     "id": 140,
 <     "jsonrpc": "2.0",
 <     "result": "0x0"
 <   }
[2019/10/02 10:16:07.640] - eth_getBalance
[2019/10/02 10:16:07.641] -    > {
   >   "jsonrpc": "2.0",
   >   "id": 141,
   >   "method": "eth_getBalance",
   >   "params": [
   >     "0x8a6d7a1d041e2738f48fc0e21d4fb00c6d8b3bf0",
   >     "latest"
   >   ],
   >   "internal": true
   > }
[2019/10/02 10:16:07.643] -  <   {
 <     "id": 141,
 <     "jsonrpc": "2.0",
 <     "result": "0x56bc75e2d63100000"
 <   }
[2019/10/02 10:16:07.679] - eth_getTransactionCount
[2019/10/02 10:16:07.679] -    > {
   >   "jsonrpc": "2.0",
   >   "id": 142,
   >   "method": "eth_getTransactionCount",
   >   "params": [
   >     "0x8a6d7a1d041e2738f48fc0e21d4fb00c6d8b3bf0",
   >     "latest"
   >   ],
   >   "internal": true
   > }
[2019/10/02 10:16:07.681] -  <   {
 <     "id": 142,
 <     "jsonrpc": "2.0",
 <     "result": "0x0"
 <   }
[2019/10/02 10:16:07.721] - eth_getBalance
[2019/10/02 10:16:07.721] -    > {
   >   "jsonrpc": "2.0",
   >   "id": 143,
   >   "method": "eth_getBalance",
   >   "params": [
   >     "0xd8d91f6f7bcb96d1faf117b00980bd5f79b888e3",
   >     "latest"
   >   ],
   >   "internal": true
   > }
[2019/10/02 10:16:07.723] -  <   {
 <     "id": 143,
 <     "jsonrpc": "2.0",
 <     "result": "0x56bc75e2d63100000"
 <   }
[2019/10/02 10:16:07.755] - eth_getTransactionCount
[2019/10/02 10:16:07.755] -    > {
   >   "jsonrpc": "2.0",
   >   "id": 144,
   >   "method": "eth_getTransactionCount",
   >   "params": [
   >     "0xd8d91f6f7bcb96d1faf117b00980bd5f79b888e3",
   >     "latest"
   >   ],
   >   "internal": true
   > }
[2019/10/02 10:16:07.757] -  <   {
 <     "id": 144,
 <     "jsonrpc": "2.0",
 <     "result": "0x0"
 <   }
[2019/10/02 10:16:07.789] - eth_getBalance
[2019/10/02 10:16:07.789] -    > {
   >   "jsonrpc": "2.0",
   >   "id": 145,
   >   "method": "eth_getBalance",
   >   "params": [
   >     "0xc3e330810a52ba2a13279c30b9a1815be2ab096a",
   >     "latest"
   >   ],
   >   "internal": true
   > }
[2019/10/02 10:16:07.791] -  <   {
 <     "id": 145,
 <     "jsonrpc": "2.0",
 <     "result": "0x56bc75e2d63100000"
 <   }
[2019/10/02 10:16:07.820] - eth_getTransactionCount
[2019/10/02 10:16:07.820] -    > {
   >   "jsonrpc": "2.0",
   >   "id": 146,
   >   "method": "eth_getTransactionCount",
   >   "params": [
   >     "0xc3e330810a52ba2a13279c30b9a1815be2ab096a",
   >     "latest"
   >   ],
   >   "internal": true
   > }
[2019/10/02 10:16:07.823] -  <   {
 <     "id": 146,
 <     "jsonrpc": "2.0",
 <     "result": "0x0"
 <   }
[2019/10/02 10:16:07.852] - eth_getBalance
[2019/10/02 10:16:07.852] -    > {
   >   "jsonrpc": "2.0",
   >   "id": 147,
   >   "method": "eth_getBalance",
   >   "params": [
   >     "0x950e297fb61e2c484dbb31e041a56d4a6aaa57bd",
   >     "latest"
   >   ],
   >   "internal": true
   > }
[2019/10/02 10:16:07.854] -  <   {
 <     "id": 147,
 <     "jsonrpc": "2.0",
 <     "result": "0x56bc75e2d63100000"
 <   }
[2019/10/02 10:16:07.883] - eth_getTransactionCount
[2019/10/02 10:16:07.884] -    > {
   >   "jsonrpc": "2.0",
   >   "id": 148,
   >   "method": "eth_getTransactionCount",
   >   "params": [
   >     "0x950e297fb61e2c484dbb31e041a56d4a6aaa57bd",
   >     "latest"
   >   ],
   >   "internal": true
   > }
[2019/10/02 10:16:07.886] -  <   {
 <     "id": 148,
 <     "jsonrpc": "2.0",
 <     "result": "0x0"
 <   }
[2019/10/02 10:16:07.915] - eth_getBalance
[2019/10/02 10:16:07.915] -    > {
   >   "jsonrpc": "2.0",
   >   "id": 149,
   >   "method": "eth_getBalance",
   >   "params": [
   >     "0x344317159ed963f5b34d8420db6b4c475e3e07fa",
   >     "latest"
   >   ],
   >   "internal": true
   > }
[2019/10/02 10:16:07.918] -  <   {
 <     "id": 149,
 <     "jsonrpc": "2.0",
 <     "result": "0x56bc75e2d63100000"
 <   }
[2019/10/02 10:16:07.950] - eth_getTransactionCount
[2019/10/02 10:16:07.950] -    > {
   >   "jsonrpc": "2.0",
   >   "id": 150,
   >   "method": "eth_getTransactionCount",
   >   "params": [
   >     "0x344317159ed963f5b34d8420db6b4c475e3e07fa",
   >     "latest"
   >   ],
   >   "internal": true
   > }
[2019/10/02 10:16:07.952] -  <   {
 <     "id": 150,
 <     "jsonrpc": "2.0",
 <     "result": "0x0"
 <   }
[2019/10/02 10:16:07.983] - eth_getBalance
[2019/10/02 10:16:07.983] -    > {
   >   "jsonrpc": "2.0",
   >   "id": 151,
   >   "method": "eth_getBalance",
   >   "params": [
   >     "0x3187156885958fd74fbdfcfa96478685257feb35",
   >     "latest"
   >   ],
   >   "internal": true
   > }
[2019/10/02 10:16:07.985] -  <   {
 <     "id": 151,
 <     "jsonrpc": "2.0",
 <     "result": "0x56bc75e2d63100000"
 <   }
[2019/10/02 10:16:08.015] - eth_getTransactionCount
[2019/10/02 10:16:08.016] -    > {
   >   "jsonrpc": "2.0",
   >   "id": 152,
   >   "method": "eth_getTransactionCount",
   >   "params": [
   >     "0x3187156885958fd74fbdfcfa96478685257feb35",
   >     "latest"
   >   ],
   >   "internal": true
   > }
[2019/10/02 10:16:08.018] -  <   {
 <     "id": 152,
 <     "jsonrpc": "2.0",
 <     "result": "0x0"
 <   }
[2019/10/02 10:16:33.979] - rpc_modules
[2019/10/02 10:16:33.979] -    > {
   >   "jsonrpc": "2.0",
   >   "id": 1,
   >   "method": "rpc_modules"
   > }
[2019/10/02 10:16:33.980] -  <   {
 <     "id": 1,
 <     "jsonrpc": "2.0",
 <     "result": {
 <       "eth": "1.0",
 <       "net": "1.0",
 <       "rpc": "1.0",
 <       "web3": "1.0",
 <       "evm": "1.0",
 <       "personal": "1.0"
 <     }
 <   }
[2019/10/02 10:16:34.055] - web3_clientVersion
[2019/10/02 10:16:34.055] -    > {
   >   "jsonrpc": "2.0",
   >   "id": 2,
   >   "method": "web3_clientVersion",
   >   "params": []
   > }
[2019/10/02 10:16:34.056] -  <   {
 <     "id": 2,
 <     "jsonrpc": "2.0",
 <     "result": "EthereumJS TestRPC/v2.8.0/ethereum-js"
 <   }
[2019/10/02 10:16:34.059] - eth_coinbase
[2019/10/02 10:16:34.060] -    > {
   >   "jsonrpc": "2.0",
   >   "id": 3,
   >   "method": "eth_coinbase",
   >   "params": []
   > }
[2019/10/02 10:16:34.062] -  <   {
 <     "id": 3,
 <     "jsonrpc": "2.0",
 <     "result": "0x9bd75786b24ceea658c63d1b7c03b855c8a69b61"
 <   }
[2019/10/02 10:16:34.064] - eth_blockNumber
[2019/10/02 10:16:34.065] -    > {
   >   "jsonrpc": "2.0",
   >   "id": 4,
   >   "method": "eth_blockNumber",
   >   "params": []
   > }
[2019/10/02 10:16:34.067] -  <   {
 <     "id": 4,
 <     "jsonrpc": "2.0",
 <     "result": "0x0"
 <   }
[2019/10/02 10:16:34.071] - eth_blockNumber
[2019/10/02 10:16:34.072] -    > {
   >   "jsonrpc": "2.0",
   >   "id": 5,
   >   "method": "eth_blockNumber",
   >   "params": []
   > }
[2019/10/02 10:16:34.074] -  <   {
 <     "id": 5,
 <     "jsonrpc": "2.0",
 <     "result": "0x0"
 <   }
[2019/10/02 10:16:34.079] - eth_getBlockByNumber
[2019/10/02 10:16:34.080] -    > {
   >   "jsonrpc": "2.0",
   >   "id": 6,
   >   "method": "eth_getBlockByNumber",
   >   "params": [
   >     "0x0",
   >     false
   >   ]
   > }
[2019/10/02 10:16:34.083] -  <   {
 <     "id": 6,
 <     "jsonrpc": "2.0",
 <     "result": {
 <       "number": "0x0",
 <       "hash": "0xcef591744f723bbe32b1c57a5598e446f62caebf4eb7adc58a7dd19c9737d036",
 <       "parentHash": "0x0000000000000000000000000000000000000000000000000000000000000000",
 <       "mixHash": "0x0000000000000000000000000000000000000000000000000000000000000000",
 <       "nonce": "0x0000000000000000",
 <       "sha3Uncles": "0x1dcc4de8dec75d7aab85b567b6ccd41ad312451b948a7413f0a142fd40d49347",
 <       "logsBloom": "0x00000000000000000000000000000000000000000000000000000000000000000000000000000000000000000000000000000000000000000000000000000000000000000000000000000000000000000000000000000000000000000000000000000000000000000000000000000000000000000000000000000000000000000000000000000000000000000000000000000000000000000000000000000000000000000000000000000000000000000000000000000000000000000000000000000000000000000000000000000000000000000000000000000000000000000000000000000000000000000000000000000000000000000000000000000000",
 <       "transactionsRoot": "0x56e81f171bcc55a6ff8345e692c0f86e5b48e01b996cadc001622fb5e363b421",
 <       "stateRoot": "0xa8079b764250428bfd0094104939185fba8e33d06b93b8b2e56a977a7afc8469",
 <       "receiptsRoot": "0x56e81f171bcc55a6ff8345e692c0f86e5b48e01b996cadc001622fb5e363b421",
 <       "miner": "0x0000000000000000000000000000000000000000",
 <       "difficulty": "0x0",
 <       "totalDifficulty": "0x0",
 <       "extraData": "0x",
 <       "size": "0x3e8",
 <       "gasLimit": "0x7a1200",
 <       "gasUsed": "0x0",
 <       "timestamp": "0x5d942b8a",
 <       "transactions": [],
 <       "uncles": []
 <     }
 <   }
[2019/10/02 10:16:34.090] - rpc_modules
[2019/10/02 10:16:34.090] -    > {
   >   "jsonrpc": "2.0",
   >   "id": 7,
   >   "method": "rpc_modules"
   > }
[2019/10/02 10:16:34.092] -  <   {
 <     "id": 7,
 <     "jsonrpc": "2.0",
 <     "result": {
 <       "eth": "1.0",
 <       "net": "1.0",
 <       "rpc": "1.0",
 <       "web3": "1.0",
 <       "evm": "1.0",
 <       "personal": "1.0"
 <     }
 <   }
[2019/10/02 10:16:52.576] - eth_coinbase
[2019/10/02 10:16:52.577] -    > {
   >   "jsonrpc": "2.0",
   >   "id": 8,
   >   "method": "eth_coinbase",
   >   "params": []
   > }
[2019/10/02 10:16:52.578] -  <   {
 <     "id": 8,
 <     "jsonrpc": "2.0",
 <     "result": "0x9bd75786b24ceea658c63d1b7c03b855c8a69b61"
 <   }
[2019/10/02 10:16:52.582] - eth_getBalance
[2019/10/02 10:16:52.583] -    > {
   >   "jsonrpc": "2.0",
   >   "id": 9,
   >   "method": "eth_getBalance",
   >   "params": [
   >     "0x9bd75786b24ceea658c63d1b7c03b855c8a69b61",
   >     "latest"
   >   ]
   > }
[2019/10/02 10:16:52.588] -  <   {
 <     "id": 9,
 <     "jsonrpc": "2.0",
 <     "result": "0x56bc75e2d63100000"
 <   }
[2019/10/02 10:17:02.680] - eth_coinbase
[2019/10/02 10:17:02.681] -    > {
   >   "jsonrpc": "2.0",
   >   "id": 10,
   >   "method": "eth_coinbase",
   >   "params": []
   > }
[2019/10/02 10:17:02.683] -  <   {
 <     "id": 10,
 <     "jsonrpc": "2.0",
 <     "result": "0x9bd75786b24ceea658c63d1b7c03b855c8a69b61"
 <   }
[2019/10/02 10:17:33.001] - eth_coinbase
[2019/10/02 10:17:33.002] -    > {
   >   "jsonrpc": "2.0",
   >   "id": 11,
   >   "method": "eth_coinbase",
   >   "params": []
   > }
[2019/10/02 10:17:33.004] -  <   {
 <     "id": 11,
 <     "jsonrpc": "2.0",
 <     "result": "0x9bd75786b24ceea658c63d1b7c03b855c8a69b61"
 <   }
[2019/10/02 10:17:33.008] - eth_getBalance
[2019/10/02 10:17:33.009] -    > {
   >   "jsonrpc": "2.0",
   >   "id": 12,
   >   "method": "eth_getBalance",
   >   "params": [
   >     "0x9bd75786b24ceea658c63d1b7c03b855c8a69b61",
   >     "latest"
   >   ]
   > }
[2019/10/02 10:17:33.013] -  <   {
 <     "id": 12,
 <     "jsonrpc": "2.0",
 <     "result": "0x56bc75e2d63100000"
 <   }
[2019/10/02 10:17:38.272] - eth_coinbase
[2019/10/02 10:17:38.273] -    > {
   >   "jsonrpc": "2.0",
   >   "id": 13,
   >   "method": "eth_coinbase",
   >   "params": []
   > }
[2019/10/02 10:17:38.275] -  <   {
 <     "id": 13,
 <     "jsonrpc": "2.0",
 <     "result": "0x9bd75786b24ceea658c63d1b7c03b855c8a69b61"
 <   }
[2019/10/02 10:17:38.279] - eth_getBalance
[2019/10/02 10:17:38.280] -    > {
   >   "jsonrpc": "2.0",
   >   "id": 14,
   >   "method": "eth_getBalance",
   >   "params": [
   >     "0x9bd75786b24ceea658c63d1b7c03b855c8a69b61",
   >     "latest"
   >   ]
   > }
[2019/10/02 10:17:38.286] -  <   {
 <     "id": 14,
 <     "jsonrpc": "2.0",
 <     "result": "0x56bc75e2d63100000"
 <   }
[2019/10/02 10:17:42.040] - eth_coinbase
[2019/10/02 10:17:42.041] -    > {
   >   "jsonrpc": "2.0",
   >   "id": 15,
   >   "method": "eth_coinbase",
   >   "params": []
   > }
[2019/10/02 10:17:42.044] -  <   {
 <     "id": 15,
 <     "jsonrpc": "2.0",
 <     "result": "0x9bd75786b24ceea658c63d1b7c03b855c8a69b61"
 <   }
[2019/10/02 10:17:42.048] - eth_getBalance
[2019/10/02 10:17:42.049] -    > {
   >   "jsonrpc": "2.0",
   >   "id": 16,
   >   "method": "eth_getBalance",
   >   "params": [
   >     "0x9bd75786b24ceea658c63d1b7c03b855c8a69b61",
   >     "latest"
   >   ]
   > }
[2019/10/02 10:17:42.059] -  <   {
 <     "id": 16,
 <     "jsonrpc": "2.0",
 <     "result": "0x56bc75e2d63100000"
 <   }
[2019/10/02 10:17:46.400] - eth_coinbase
[2019/10/02 10:17:46.401] -    > {
   >   "jsonrpc": "2.0",
   >   "id": 17,
   >   "method": "eth_coinbase",
   >   "params": []
   > }
[2019/10/02 10:17:46.403] -  <   {
 <     "id": 17,
 <     "jsonrpc": "2.0",
 <     "result": "0x9bd75786b24ceea658c63d1b7c03b855c8a69b61"
 <   }
[2019/10/02 10:17:46.407] - eth_getBalance
[2019/10/02 10:17:46.408] -    > {
   >   "jsonrpc": "2.0",
   >   "id": 18,
   >   "method": "eth_getBalance",
   >   "params": [
   >     "0x9bd75786b24ceea658c63d1b7c03b855c8a69b61",
   >     "latest"
   >   ]
   > }
[2019/10/02 10:17:46.413] -  <   {
 <     "id": 18,
 <     "jsonrpc": "2.0",
 <     "result": "0x56bc75e2d63100000"
 <   }
[2019/10/02 12:47:12.528] - eth_unsubscribe
[2019/10/02 12:47:12.594] -    > {
   >   "jsonrpc": "2.0",
   >   "id": 17,
   >   "method": "eth_unsubscribe",
   >   "params": [
   >     "0x1"
   >   ]
   > }
[2019/10/02 12:47:12.596] - eth_unsubscribe
[2019/10/02 12:47:12.596] -    > {
   >   "jsonrpc": "2.0",
   >   "id": 18,
   >   "method": "eth_unsubscribe",
   >   "params": [
   >     "0x2"
   >   ]
   > }
[2019/10/02 12:47:12.598] -    > {
   >   "jsonrpc": "2.0",
   >   "method": "eth_unsubscribe",
   >   "params": [
   >     "0x3"
   >   ],
   >   "id": 1570000632598
   > }
[2019/10/02 12:47:12.599] -    > {
   >   "jsonrpc": "2.0",
   >   "method": "eth_unsubscribe",
   >   "params": [
   >     "0x1"
   >   ],
   >   "id": 1570000632599
   > }
[2019/10/02 12:47:12.600] -    > {
   >   "jsonrpc": "2.0",
   >   "method": "eth_unsubscribe",
   >   "params": [
   >     "0x2"
   >   ],
   >   "id": 1570000632600
   > }
[2019/10/02 12:47:12.601] -  <   {
 <     "id": 17,
 <     "jsonrpc": "2.0",
 <     "result": true
 <   }
[2019/10/02 12:47:12.603] -  <   {
 <     "id": 18,
 <     "jsonrpc": "2.0",
 <     "result": true
 <   }
[2019/10/02 12:47:12.606] -  <   {
 <     "id": 1570000632598,
 <     "jsonrpc": "2.0",
 <     "result": true
 <   }
[2019/10/02 12:47:12.609] -  <   {
 <     "id": 1570000632599,
 <     "jsonrpc": "2.0",
 <     "error": {
 <       "message": "Subscription ID 0x1 not found.",
 <       "code": -32000,
 <       "data": {
 <         "stack": "Error: Subscription ID 0x1 not found.\n    at SubscriptionSubprovider.eth_unsubscribe (/tmp/.mount_ganachuchmK4/resources/app.asar/node_modules/ganache-core/node_modules/web3-provider-engine/subproviders/subscriptions.js:78:8)\n    at SubscriptionSubprovider.handleRequest (/tmp/.mount_ganachuchmK4/resources/app.asar/node_modules/ganache-core/node_modules/web3-provider-engine/subproviders/subscriptions.js:134:12)\n    at next (/tmp/.mount_ganachuchmK4/resources/app.asar/node_modules/ganache-core/node_modules/web3-provider-engine/index.js:136:18)\n    at DelayedBlockFilter.handleRequest (/tmp/.mount_ganachuchmK4/resources/app.asar/node_modules/ganache-core/lib/subproviders/delayedblockfilter.js:31:3)\n    at next (/tmp/.mount_ganachuchmK4/resources/app.asar/node_modules/ganache-core/node_modules/web3-provider-engine/index.js:136:18)\n    at RequestFunnel.handleRequest (/tmp/.mount_ganachuchmK4/resources/app.asar/node_modules/ganache-core/lib/subproviders/requestfunnel.js:32:12)\n    at next (/tmp/.mount_ganachuchmK4/resources/app.asar/node_modules/ganache-core/node_modules/web3-provider-engine/index.js:136:18)\n    at Web3ProviderEngine._handleAsync (/tmp/.mount_ganachuchmK4/resources/app.asar/node_modules/ganache-core/node_modules/web3-provider-engine/index.js:123:3)\n    at Timeout._onTimeout (/tmp/.mount_ganachuchmK4/resources/app.asar/node_modules/ganache-core/node_modules/web3-provider-engine/index.js:107:12)\n    at ontimeout (timers.js:469:11)\n    at tryOnTimeout (timers.js:304:5)\n    at Timer.listOnTimeout (timers.js:264:5)",
 <         "name": "Error"
 <       }
 <     }
 <   }
[2019/10/02 12:47:12.612] -  <   {
 <     "id": 1570000632600,
 <     "jsonrpc": "2.0",
 <     "error": {
 <       "message": "Subscription ID 0x2 not found.",
 <       "code": -32000,
 <       "data": {
 <         "stack": "Error: Subscription ID 0x2 not found.\n    at SubscriptionSubprovider.eth_unsubscribe (/tmp/.mount_ganachuchmK4/resources/app.asar/node_modules/ganache-core/node_modules/web3-provider-engine/subproviders/subscriptions.js:78:8)\n    at SubscriptionSubprovider.handleRequest (/tmp/.mount_ganachuchmK4/resources/app.asar/node_modules/ganache-core/node_modules/web3-provider-engine/subproviders/subscriptions.js:134:12)\n    at next (/tmp/.mount_ganachuchmK4/resources/app.asar/node_modules/ganache-core/node_modules/web3-provider-engine/index.js:136:18)\n    at DelayedBlockFilter.handleRequest (/tmp/.mount_ganachuchmK4/resources/app.asar/node_modules/ganache-core/lib/subproviders/delayedblockfilter.js:31:3)\n    at next (/tmp/.mount_ganachuchmK4/resources/app.asar/node_modules/ganache-core/node_modules/web3-provider-engine/index.js:136:18)\n    at RequestFunnel.handleRequest (/tmp/.mount_ganachuchmK4/resources/app.asar/node_modules/ganache-core/lib/subproviders/requestfunnel.js:32:12)\n    at next (/tmp/.mount_ganachuchmK4/resources/app.asar/node_modules/ganache-core/node_modules/web3-provider-engine/index.js:136:18)\n    at Web3ProviderEngine._handleAsync (/tmp/.mount_ganachuchmK4/resources/app.asar/node_modules/ganache-core/node_modules/web3-provider-engine/index.js:123:3)\n    at Timeout._onTimeout (/tmp/.mount_ganachuchmK4/resources/app.asar/node_modules/ganache-core/node_modules/web3-provider-engine/index.js:107:12)\n    at ontimeout (timers.js:469:11)\n    at tryOnTimeout (timers.js:304:5)\n    at Timer.listOnTimeout (timers.js:264:5)",
 <         "name": "Error"
 <       }
 <     }
 <   }
[2019/10/02 12:47:12.983] - Warning: stopMining called when miner was already stopped
